<?xml version="1.0" encoding="UTF-8"?>
<robot generator="Robot 7.4.1 (Python 3.13.11 on win32)" generated="2026-01-12T14:44:05.010450" rpa="false" schemaversion="5">
<suite id="s1" name="Cart Test" source="C:\Users\Houssem\Desktop\QA_CSF\CSF_Robotframework\Robotframework\cart_test.robot">
<kw name="Run Keywords" owner="BuiltIn" type="SETUP">
<kw name="Open SauceDemo" owner="cart_keywords">
<kw name="Open Browser" owner="SeleniumLibrary">
<msg time="2026-01-12T14:44:05.262111" level="INFO">Opening browser 'chrome' to base url 'https://www.saucedemo.com/'.</msg>
<errors>
<msg time="2026-01-12T14:46:12.231883" level="ERROR">Execution stopped by user.</msg>
</errors>
</robot>
