<?xml version="1.0" encoding="UTF-8"?>
<robot generator="Robot 7.4.1 (Python 3.13.11 on win32)" generated="2026-01-12T14:53:02.614997" rpa="false" schemaversion="5">
<suite id="s1" name="Robotframework" source="C:\Users\Houssem\Desktop\QA_CSF\CSF_Robotframework\Robotframework">
<suite id="s1-s1" name="Cart Test" source="C:\Users\Houssem\Desktop\QA_CSF\CSF_Robotframework\Robotframework\cart_test.robot">
<kw name="Run Keywords" owner="BuiltIn" type="SETUP">
<kw name="Open SauceDemo" owner="cart_keywords">
<kw name="Open Browser" owner="SeleniumLibrary">
<msg time="2026-01-12T14:53:02.922725" level="INFO">Opening browser 'chrome' to base url 'https://www.saucedemo.com/'.</msg>
<arg>${LOGIN_URL}</arg>
<arg>chrome</arg>
<doc>Opens a new browser instance to the optional ``url``.</doc>
<status status="PASS" start="2026-01-12T14:53:02.922423" elapsed="5.677279"/>
</kw>
<kw name="Maximize Browser Window" owner="SeleniumLibrary">
<doc>Maximizes current browser window.</doc>
<status status="PASS" start="2026-01-12T14:53:08.600467" elapsed="0.044925"/>
</kw>
<kw name="Set Selenium Speed" owner="SeleniumLibrary">
<arg>0.5</arg>
<doc>Sets the delay that is waited after each Selenium command.</doc>
<status status="PASS" start="2026-01-12T14:53:08.645749" elapsed="0.000560"/>
</kw>
<kw name="Set Selenium Timeout" owner="SeleniumLibrary">
<arg>15 seconds</arg>
<doc>Sets the timeout that is used by various keywords.</doc>
<status status="PASS" start="2026-01-12T14:53:08.646569" elapsed="0.502131"/>
</kw>
<doc>Opens the SauceDemo website</doc>
<status status="PASS" start="2026-01-12T14:53:02.922081" elapsed="6.226917"/>
</kw>
<kw name="Login To SauceDemo" owner="cart_keywords">
<kw name="Wait Until Element Is Visible" owner="SeleniumLibrary">
<arg>${USERNAME_FIELD}</arg>
<doc>Waits until the element ``locator`` is visible.</doc>
<status status="PASS" start="2026-01-12T14:53:09.149824" elapsed="1.026941"/>
</kw>
<kw name="Input Text" owner="SeleniumLibrary">
<msg time="2026-01-12T14:53:10.177484" level="INFO">Typing text 'standard_user' into text field 'id=user-name'.</msg>
<arg>${USERNAME_FIELD}</arg>
<arg>${USERNAME}</arg>
<doc>Types the given ``text`` into the text field identified by ``locator``.</doc>
<status status="PASS" start="2026-01-12T14:53:10.177043" elapsed="1.639004"/>
</kw>
<kw name="Input Password" owner="SeleniumLibrary">
<msg time="2026-01-12T14:53:11.819175" level="INFO">Typing password into text field 'id=password'.</msg>
<msg time="2026-01-12T14:53:12.874261" level="INFO">Temporally setting log level to: NONE</msg>
<arg>${PASSWORD_FIELD}</arg>
<arg>${PASSWORD}</arg>
<doc>Types the given password into the text field identified by ``locator``.</doc>
<status status="PASS" start="2026-01-12T14:53:11.817212" elapsed="1.638523"/>
</kw>
<kw name="Click Button" owner="SeleniumLibrary">
<msg time="2026-01-12T14:53:13.458221" level="INFO">Clicking button 'id=login-button'.</msg>
<arg>${LOGIN_BUTTON}</arg>
<doc>Clicks the button identified by ``locator``.</doc>
<status status="PASS" start="2026-01-12T14:53:13.456578" elapsed="1.680634"/>
</kw>
<kw name="Wait Until Element Is Visible" owner="SeleniumLibrary">
<arg>${INVENTORY_CONTAINER}</arg>
<doc>Waits until the element ``locator`` is visible.</doc>
<status status="PASS" start="2026-01-12T14:53:15.138844" elapsed="1.031647"/>
</kw>
<kw name="Page Should Contain" owner="SeleniumLibrary">
<msg time="2026-01-12T14:53:17.227038" level="INFO">Current page contains text 'Products'.</msg>
<arg>Products</arg>
<doc>Verifies that current page contains ``text``.</doc>
<status status="PASS" start="2026-01-12T14:53:16.171138" elapsed="1.057102"/>
</kw>
<doc>Logs into SauceDemo with standard credentials</doc>
<status status="PASS" start="2026-01-12T14:53:09.149350" elapsed="8.079673"/>
</kw>
<arg>Open SauceDemo</arg>
<arg>AND</arg>
<arg>Login To SauceDemo</arg>
<doc>Executes all the given keywords in a sequence.</doc>
<status status="PASS" start="2026-01-12T14:53:02.921305" elapsed="14.308276"/>
</kw>
<test id="s1-s1-t1" name="Test Add Single Product To Cart" line="9">
<kw name="Run Keyword And Ignore Error" owner="BuiltIn" type="SETUP">
<kw name="Ensure Clean Cart" owner="cart_keywords">
<kw name="Log" owner="BuiltIn">
<msg time="2026-01-12T14:53:17.252712" level="INFO">Ensuring clean cart before test...</msg>
<arg>Ensuring clean cart before test...</arg>
<doc>Logs the given message with the given level.</doc>
<status status="PASS" start="2026-01-12T14:53:17.251256" elapsed="0.002166"/>
</kw>
<kw name="Go To" owner="SeleniumLibrary">
<msg time="2026-01-12T14:53:17.255220" level="INFO">Opening url 'https://www.saucedemo.com/inventory.html'</msg>
<arg>${PRODUCTS_URL}</arg>
<doc>Navigates the current browser window to the provided ``url``.</doc>
<status status="PASS" start="2026-01-12T14:53:17.254003" elapsed="1.506881"/>
</kw>
<kw name="Wait Until Element Is Visible" owner="SeleniumLibrary">
<arg>${INVENTORY_CONTAINER}</arg>
<arg>timeout=15</arg>
<doc>Waits until the element ``locator`` is visible.</doc>
<status status="PASS" start="2026-01-12T14:53:18.761159" elapsed="1.017314"/>
</kw>
<kw name="Clear Cart Completely" owner="cart_keywords">
<kw name="Get Cart Items Count" owner="cart_keywords">
<kw name="Get Element Count" owner="SeleniumLibrary">
<msg time="2026-01-12T14:53:20.291893" level="INFO">${count} = 0</msg>
<var>${count}</var>
<arg>${CART_BADGE}</arg>
<doc>Returns the number of elements matching ``locator``.</doc>
<status status="PASS" start="2026-01-12T14:53:19.779814" elapsed="0.513733"/>
</kw>
<if>
<branch type="IF" condition="${count} &gt; 0">
<kw name="Get Text" owner="SeleniumLibrary">
<var>${cart_count}</var>
<arg>${CART_BADGE}</arg>
<doc>Returns the text value of the element identified by ``locator``.</doc>
<status status="NOT RUN" start="2026-01-12T14:53:20.295472" elapsed="0.000781"/>
</kw>
<return>
<value>${cart_count}</value>
<status status="NOT RUN" start="2026-01-12T14:53:20.296720" elapsed="0.000632"/>
</return>
<status status="NOT RUN" start="2026-01-12T14:53:20.294421" elapsed="0.003201"/>
</branch>
<branch type="ELSE">
<return>
<value>0</value>
<status status="PASS" start="2026-01-12T14:53:20.298388" elapsed="0.000432"/>
</return>
<status status="PASS" start="2026-01-12T14:53:20.297907" elapsed="0.001185"/>
</branch>
<status status="PASS" start="2026-01-12T14:53:20.294285" elapsed="0.005020"/>
</if>
<msg time="2026-01-12T14:53:20.299617" level="INFO">${cart_count} = 0</msg>
<var>${cart_count}</var>
<doc>Returns the number of items in cart from the cart icon</doc>
<status status="PASS" start="2026-01-12T14:53:19.779473" elapsed="0.520478"/>
</kw>
<kw name="Log" owner="BuiltIn">
<msg time="2026-01-12T14:53:20.301854" level="INFO">Current cart count before clearing: 0</msg>
<arg>Current cart count before clearing: ${cart_count}</arg>
<doc>Logs the given message with the given level.</doc>
<status status="PASS" start="2026-01-12T14:53:20.300391" elapsed="0.002208"/>
</kw>
<if>
<branch type="IF" condition="${cart_count} &gt; 0">
<kw name="Click Element" owner="SeleniumLibrary">
<arg>${CART_ICON}</arg>
<doc>Click the element identified by ``locator``.</doc>
<status status="NOT RUN" start="2026-01-12T14:53:20.304200" elapsed="0.000411"/>
</kw>
<kw name="Wait Until Element Is Visible" owner="SeleniumLibrary">
<arg>css=.cart_list</arg>
<arg>timeout=15</arg>
<doc>Waits until the element ``locator`` is visible.</doc>
<status status="NOT RUN" start="2026-01-12T14:53:20.304955" elapsed="0.000249"/>
</kw>
<kw name="Set Variable" owner="BuiltIn">
<var>${max_attempts}</var>
<arg>10</arg>
<doc>Returns the given values which can then be assigned to a variables.</doc>
<status status="NOT RUN" start="2026-01-12T14:53:20.305549" elapsed="0.000220"/>
</kw>
<for flavor="IN RANGE">
<iter>
<kw name="Get WebElements" owner="SeleniumLibrary">
<var>${remove_buttons}</var>
<arg>xpath=//button[text()='Remove']</arg>
<doc>Returns a list of WebElement objects matching the ``locator``.</doc>
<status status="NOT RUN" start="2026-01-12T14:53:20.306703" elapsed="0.000223"/>
</kw>
<kw name="Get Length" owner="BuiltIn">
<var>${button_count}</var>
<arg>${remove_buttons}</arg>
<doc>Returns and logs the length of the given item as an integer.</doc>
<status status="NOT RUN" start="2026-01-12T14:53:20.307442" elapsed="0.000249"/>
</kw>
<kw name="Exit For Loop If" owner="BuiltIn">
<arg>${button_count} == 0</arg>
<doc>Stops executing the enclosing FOR loop if the ``condition`` is true.</doc>
<status status="NOT RUN" start="2026-01-12T14:53:20.307960" elapsed="0.000210"/>
</kw>
<for flavor="IN">
<iter>
<kw name="Click Button" owner="SeleniumLibrary">
<arg>${button}</arg>
<doc>Clicks the button identified by ``locator``.</doc>
<status status="NOT RUN" start="2026-01-12T14:53:20.308918" elapsed="0.000218"/>
</kw>
<kw name="Sleep" owner="BuiltIn">
<arg>1</arg>
<doc>Pauses the test executed for the given time.</doc>
<status status="NOT RUN" start="2026-01-12T14:53:20.309353" elapsed="0.000234"/>
</kw>
<var name="${button}"/>
<status status="NOT RUN" start="2026-01-12T14:53:20.308632" elapsed="0.001093"/>
</iter>
<var>${button}</var>
<value>@{remove_buttons}</value>
<status status="NOT RUN" start="2026-01-12T14:53:20.308364" elapsed="0.001475"/>
</for>
<kw name="Get Cart Items Count" owner="cart_keywords">
<var>${current_count}</var>
<doc>Returns the number of items in cart from the cart icon</doc>
<status status="NOT RUN" start="2026-01-12T14:53:20.310201" elapsed="0.000191"/>
</kw>
<kw name="Exit For Loop If" owner="BuiltIn">
<arg>${current_count} == 0</arg>
<doc>Stops executing the enclosing FOR loop if the ``condition`` is true.</doc>
<status status="NOT RUN" start="2026-01-12T14:53:20.310612" elapsed="0.000177"/>
</kw>
<kw name="Sleep" owner="BuiltIn">
<arg>1</arg>
<doc>Pauses the test executed for the given time.</doc>
<status status="NOT RUN" start="2026-01-12T14:53:20.311002" elapsed="0.000170"/>
</kw>
<var name="${attempt}"/>
<status status="NOT RUN" start="2026-01-12T14:53:20.306384" elapsed="0.004918"/>
</iter>
<var>${attempt}</var>
<value>${max_attempts}</value>
<status status="NOT RUN" start="2026-01-12T14:53:20.305982" elapsed="0.005425"/>
</for>
<kw name="Click Button" owner="SeleniumLibrary">
<arg>${CONTINUE_SHOPPING}</arg>
<doc>Clicks the button identified by ``locator``.</doc>
<status status="NOT RUN" start="2026-01-12T14:53:20.311618" elapsed="0.000179"/>
</kw>
<kw name="Wait Until Element Is Visible" owner="SeleniumLibrary">
<arg>${INVENTORY_CONTAINER}</arg>
<arg>timeout=15</arg>
<doc>Waits until the element ``locator`` is visible.</doc>
<status status="NOT RUN" start="2026-01-12T14:53:20.312020" elapsed="0.000171"/>
</kw>
<kw name="Get Cart Items Count" owner="cart_keywords">
<var>${final_count}</var>
<doc>Returns the number of items in cart from the cart icon</doc>
<status status="NOT RUN" start="2026-01-12T14:53:20.312544" elapsed="0.000180"/>
</kw>
<kw name="Should Be Equal As Numbers" owner="BuiltIn">
<arg>${final_count}</arg>
<arg>0</arg>
<doc>Fails if objects are unequal after converting them to real numbers.</doc>
<status status="NOT RUN" start="2026-01-12T14:53:20.312948" elapsed="0.000204"/>
</kw>
<status status="NOT RUN" start="2026-01-12T14:53:20.303082" elapsed="0.010209"/>
</branch>
<branch type="ELSE">
<kw name="Log" owner="BuiltIn">
<msg time="2026-01-12T14:53:20.314166" level="INFO">Cart is already empty</msg>
<arg>Cart is already empty</arg>
<doc>Logs the given message with the given level.</doc>
<status status="PASS" start="2026-01-12T14:53:20.313632" elapsed="0.000783"/>
</kw>
<status status="PASS" start="2026-01-12T14:53:20.313380" elapsed="0.001163"/>
</branch>
<status status="PASS" start="2026-01-12T14:53:20.303003" elapsed="0.011613"/>
</if>
<doc>Completely clears the cart with robust error handling</doc>
<status status="PASS" start="2026-01-12T14:53:19.778947" elapsed="0.535748"/>
</kw>
<kw name="Get Cart Items Count" owner="cart_keywords">
<kw name="Get Element Count" owner="SeleniumLibrary">
<msg time="2026-01-12T14:53:20.827369" level="INFO">${count} = 0</msg>
<var>${count}</var>
<arg>${CART_BADGE}</arg>
<doc>Returns the number of elements matching ``locator``.</doc>
<status status="PASS" start="2026-01-12T14:53:20.315606" elapsed="0.512656"/>
</kw>
<if>
<branch type="IF" condition="${count} &gt; 0">
<kw name="Get Text" owner="SeleniumLibrary">
<var>${cart_count}</var>
<arg>${CART_BADGE}</arg>
<doc>Returns the text value of the element identified by ``locator``.</doc>
<status status="NOT RUN" start="2026-01-12T14:53:20.830993" elapsed="0.000877"/>
</kw>
<return>
<value>${cart_count}</value>
<status status="NOT RUN" start="2026-01-12T14:53:20.832397" elapsed="0.000580"/>
</return>
<status status="NOT RUN" start="2026-01-12T14:53:20.829117" elapsed="0.004248"/>
</branch>
<branch type="ELSE">
<return>
<value>0</value>
<status status="PASS" start="2026-01-12T14:53:20.834623" elapsed="0.001040"/>
</return>
<status status="PASS" start="2026-01-12T14:53:20.833740" elapsed="0.002493"/>
</branch>
<status status="PASS" start="2026-01-12T14:53:20.828986" elapsed="0.007545"/>
</if>
<msg time="2026-01-12T14:53:20.837283" level="INFO">${cart_count} = 0</msg>
<var>${cart_count}</var>
<doc>Returns the number of items in cart from the cart icon</doc>
<status status="PASS" start="2026-01-12T14:53:20.314993" elapsed="0.523099"/>
</kw>
<if>
<branch type="IF" condition="${cart_count} != 0">
<kw name="Log" owner="BuiltIn">
<arg>Warning: Cart count is ${cart_count}, attempting additional cleanup</arg>
<doc>Logs the given message with the given level.</doc>
<status status="NOT RUN" start="2026-01-12T14:53:20.840776" elapsed="0.000971"/>
</kw>
<kw name="Clear Cart Completely" owner="cart_keywords">
<doc>Completely clears the cart with robust error handling</doc>
<status status="NOT RUN" start="2026-01-12T14:53:20.843198" elapsed="0.000508"/>
</kw>
<kw name="Get Cart Items Count" owner="cart_keywords">
<var>${final_count}</var>
<doc>Returns the number of items in cart from the cart icon</doc>
<status status="NOT RUN" start="2026-01-12T14:53:20.844430" elapsed="0.000435"/>
</kw>
<if>
<branch type="IF" condition="${final_count} != 0">
<kw name="Log" owner="BuiltIn">
<arg>Cart still not empty after second attempt. Count: ${final_count}</arg>
<doc>Logs the given message with the given level.</doc>
<status status="NOT RUN" start="2026-01-12T14:53:20.845793" elapsed="0.000370"/>
</kw>
<status status="NOT RUN" start="2026-01-12T14:53:20.845273" elapsed="0.001174"/>
</branch>
<status status="NOT RUN" start="2026-01-12T14:53:20.845199" elapsed="0.001459"/>
</if>
<status status="NOT RUN" start="2026-01-12T14:53:20.838904" elapsed="0.007845"/>
</branch>
<status status="PASS" start="2026-01-12T14:53:20.838768" elapsed="0.008130"/>
</if>
<kw name="Log" owner="BuiltIn">
<msg time="2026-01-12T14:53:20.848168" level="INFO">Cart cleanup completed</msg>
<arg>Cart cleanup completed</arg>
<doc>Logs the given message with the given level.</doc>
<status status="PASS" start="2026-01-12T14:53:20.847176" elapsed="0.001544"/>
</kw>
<doc>Ensures cart is completely clean before test</doc>
<status status="PASS" start="2026-01-12T14:53:17.249591" elapsed="3.599516"/>
</kw>
<arg>Ensure Clean Cart</arg>
<doc>Runs the given keyword with the given arguments and ignores possible error.</doc>
<status status="PASS" start="2026-01-12T14:53:17.247061" elapsed="3.602368"/>
</kw>
<kw name="Add Product To Cart" owner="cart_keywords">
<kw name="Set Variable" owner="BuiltIn">
<msg time="2026-01-12T14:53:20.853560" level="INFO">${add_button} = //div[text()='Sauce Labs Backpack']/ancestor::div[@class='inventory_item_description']//button[text()='Add to cart']</msg>
<var>${add_button}</var>
<arg>//div[text()='${product_name}']/ancestor::div[@class='inventory_item_description']//button[text()='Add to cart']</arg>
<doc>Returns the given values which can then be assigned to a variables.</doc>
<status status="PASS" start="2026-01-12T14:53:20.852322" elapsed="0.001592"/>
</kw>
<kw name="Wait Until Element Is Visible" owner="SeleniumLibrary">
<arg>${add_button}</arg>
<arg>timeout=15</arg>
<doc>Waits until the element ``locator`` is visible.</doc>
<status status="PASS" start="2026-01-12T14:53:20.854328" elapsed="1.039137"/>
</kw>
<kw name="Click Button" owner="SeleniumLibrary">
<msg time="2026-01-12T14:53:21.895006" level="INFO">Clicking button '//div[text()='Sauce Labs Backpack']/ancestor::div[@class='inventory_item_description']//button[text()='Add to cart']'.</msg>
<arg>${add_button}</arg>
<doc>Clicks the button identified by ``locator``.</doc>
<status status="PASS" start="2026-01-12T14:53:21.894233" elapsed="2.615496"/>
</kw>
<kw name="Log" owner="BuiltIn">
<msg time="2026-01-12T14:53:24.511482" level="INFO">Added Sauce Labs Backpack to cart</msg>
<arg>Added ${product_name} to cart</arg>
<doc>Logs the given message with the given level.</doc>
<status status="PASS" start="2026-01-12T14:53:24.510323" elapsed="0.001661"/>
</kw>
<kw name="Sleep" owner="BuiltIn">
<msg time="2026-01-12T14:53:25.513512" level="INFO">Slept 1 second.</msg>
<arg>1</arg>
<doc>Pauses the test executed for the given time.</doc>
<status status="PASS" start="2026-01-12T14:53:24.512418" elapsed="1.001424"/>
</kw>
<arg>${BACKPACK}</arg>
<doc>Adds a specific product to cart</doc>
<status status="PASS" start="2026-01-12T14:53:20.850765" elapsed="4.663301"/>
</kw>
<kw name="Verify Cart Item Count" owner="cart_keywords">
<kw name="Get Cart Items Count" owner="cart_keywords">
<kw name="Get Element Count" owner="SeleniumLibrary">
<msg time="2026-01-12T14:53:26.025575" level="INFO">${count} = 1</msg>
<var>${count}</var>
<arg>${CART_BADGE}</arg>
<doc>Returns the number of elements matching ``locator``.</doc>
<status status="PASS" start="2026-01-12T14:53:25.515550" elapsed="0.510703"/>
</kw>
<if>
<branch type="IF" condition="${count} &gt; 0">
<kw name="Get Text" owner="SeleniumLibrary">
<msg time="2026-01-12T14:53:27.064314" level="INFO">${cart_count} = 1</msg>
<var>${cart_count}</var>
<arg>${CART_BADGE}</arg>
<doc>Returns the text value of the element identified by ``locator``.</doc>
<status status="PASS" start="2026-01-12T14:53:26.028691" elapsed="1.036513"/>
</kw>
<return>
<value>${cart_count}</value>
<status status="PASS" start="2026-01-12T14:53:27.065905" elapsed="0.001900"/>
</return>
<status status="PASS" start="2026-01-12T14:53:26.026980" elapsed="1.041718"/>
</branch>
<branch type="ELSE">
<return>
<value>0</value>
<status status="NOT RUN" start="2026-01-12T14:53:27.070274" elapsed="0.000717"/>
</return>
<status status="NOT RUN" start="2026-01-12T14:53:27.069125" elapsed="0.002391"/>
</branch>
<status status="PASS" start="2026-01-12T14:53:26.026866" elapsed="1.045095"/>
</if>
<msg time="2026-01-12T14:53:27.072692" level="INFO">${actual_count} = 1</msg>
<var>${actual_count}</var>
<doc>Returns the number of items in cart from the cart icon</doc>
<status status="PASS" start="2026-01-12T14:53:25.515158" elapsed="1.558298"/>
</kw>
<kw name="Should Be Equal As Numbers" owner="BuiltIn">
<arg>${actual_count}</arg>
<arg>${expected_count}</arg>
<doc>Fails if objects are unequal after converting them to real numbers.</doc>
<status status="PASS" start="2026-01-12T14:53:27.074286" elapsed="0.002936"/>
</kw>
<arg>1</arg>
<doc>Verifies the cart contains specific number of items</doc>
<status status="PASS" start="2026-01-12T14:53:25.514498" elapsed="1.563591"/>
</kw>
<kw name="Go To Cart" owner="cart_keywords">
<kw name="Wait Until Element Is Visible" owner="SeleniumLibrary">
<arg>${CART_ICON}</arg>
<doc>Waits until the element ``locator`` is visible.</doc>
<status status="PASS" start="2026-01-12T14:53:27.082269" elapsed="1.030869"/>
</kw>
<kw name="Click Element" owner="SeleniumLibrary">
<msg time="2026-01-12T14:53:28.115813" level="INFO">Clicking element 'class=shopping_cart_link'.</msg>
<arg>${CART_ICON}</arg>
<doc>Click the element identified by ``locator``.</doc>
<status status="PASS" start="2026-01-12T14:53:28.114290" elapsed="1.145553"/>
</kw>
<kw name="Wait Until Element Is Visible" owner="SeleniumLibrary">
<arg>css=.cart_list</arg>
<arg>timeout=15</arg>
<doc>Waits until the element ``locator`` is visible.</doc>
<status status="PASS" start="2026-01-12T14:53:29.260798" elapsed="1.053939"/>
</kw>
<kw name="Page Should Contain" owner="SeleniumLibrary">
<msg time="2026-01-12T14:53:31.365633" level="INFO">Current page contains text 'Your Cart'.</msg>
<arg>Your Cart</arg>
<doc>Verifies that current page contains ``text``.</doc>
<status status="PASS" start="2026-01-12T14:53:30.315187" elapsed="1.051090"/>
</kw>
<doc>Navigates to the cart page</doc>
<status status="PASS" start="2026-01-12T14:53:27.080487" elapsed="4.286232"/>
</kw>
<kw name="Verify Product In Cart" owner="cart_keywords">
<kw name="Set Variable" owner="BuiltIn">
<msg time="2026-01-12T14:53:31.370018" level="INFO">${item_locator} = //div[@class='inventory_item_name' and text()='Sauce Labs Backpack']</msg>
<var>${item_locator}</var>
<arg>//div[@class='inventory_item_name' and text()='${product_name}']</arg>
<doc>Returns the given values which can then be assigned to a variables.</doc>
<status status="PASS" start="2026-01-12T14:53:31.369017" elapsed="0.001562"/>
</kw>
<kw name="Wait Until Element Is Visible" owner="SeleniumLibrary">
<arg>${item_locator}</arg>
<arg>timeout=15</arg>
<doc>Waits until the element ``locator`` is visible.</doc>
<status status="PASS" start="2026-01-12T14:53:31.371129" elapsed="1.037172"/>
</kw>
<kw name="Page Should Contain Element" owner="SeleniumLibrary">
<msg time="2026-01-12T14:53:32.925530" level="INFO">Current page contains element '//div[@class='inventory_item_name' and text()='Sauce Labs Backpack']'.</msg>
<arg>${item_locator}</arg>
<doc>Verifies that element ``locator`` is found on the current page.</doc>
<status status="PASS" start="2026-01-12T14:53:32.408828" elapsed="0.517073"/>
</kw>
<arg>${BACKPACK}</arg>
<doc>Verifies a specific product is in the cart</doc>
<status status="PASS" start="2026-01-12T14:53:31.367782" elapsed="1.558358"/>
</kw>
<kw name="Run Keyword If Test Failed" owner="BuiltIn" type="TEARDOWN">
<arg>Capture Page Screenshot</arg>
<doc>Runs the given keyword with the given arguments, if the test failed.</doc>
<status status="PASS" start="2026-01-12T14:53:32.926763" elapsed="0.000594"/>
</kw>
<doc>Test adding a single product to cart</doc>
<tag>smoke</tag>
<status status="PASS" start="2026-01-12T14:53:17.230231" elapsed="15.697415"/>
</test>
<test id="s1-s1-t2" name="Test Remove Product From Cart" line="22">
<kw name="Run Keyword And Ignore Error" owner="BuiltIn" type="SETUP">
<kw name="Ensure Clean Cart" owner="cart_keywords">
<kw name="Log" owner="BuiltIn">
<msg time="2026-01-12T14:53:32.937679" level="INFO">Ensuring clean cart before test...</msg>
<arg>Ensuring clean cart before test...</arg>
<doc>Logs the given message with the given level.</doc>
<status status="PASS" start="2026-01-12T14:53:32.937362" elapsed="0.001311"/>
</kw>
<kw name="Go To" owner="SeleniumLibrary">
<msg time="2026-01-12T14:53:32.939351" level="INFO">Opening url 'https://www.saucedemo.com/inventory.html'</msg>
<arg>${PRODUCTS_URL}</arg>
<doc>Navigates the current browser window to the provided ``url``.</doc>
<status status="PASS" start="2026-01-12T14:53:32.938940" elapsed="0.837963"/>
</kw>
<kw name="Wait Until Element Is Visible" owner="SeleniumLibrary">
<arg>${INVENTORY_CONTAINER}</arg>
<arg>timeout=15</arg>
<doc>Waits until the element ``locator`` is visible.</doc>
<status status="PASS" start="2026-01-12T14:53:33.777199" elapsed="1.018460"/>
</kw>
<kw name="Clear Cart Completely" owner="cart_keywords">
<kw name="Get Cart Items Count" owner="cart_keywords">
<kw name="Get Element Count" owner="SeleniumLibrary">
<msg time="2026-01-12T14:53:35.306706" level="INFO">${count} = 1</msg>
<var>${count}</var>
<arg>${CART_BADGE}</arg>
<doc>Returns the number of elements matching ``locator``.</doc>
<status status="PASS" start="2026-01-12T14:53:34.797651" elapsed="0.509361"/>
</kw>
<if>
<branch type="IF" condition="${count} &gt; 0">
<kw name="Get Text" owner="SeleniumLibrary">
<msg time="2026-01-12T14:53:36.333390" level="INFO">${cart_count} = 1</msg>
<var>${cart_count}</var>
<arg>${CART_BADGE}</arg>
<doc>Returns the text value of the element identified by ``locator``.</doc>
<status status="PASS" start="2026-01-12T14:53:35.308137" elapsed="1.026380"/>
</kw>
<return>
<value>${cart_count}</value>
<status status="PASS" start="2026-01-12T14:53:36.334923" elapsed="0.000446"/>
</return>
<status status="PASS" start="2026-01-12T14:53:35.307321" elapsed="1.028327"/>
</branch>
<branch type="ELSE">
<return>
<value>0</value>
<status status="NOT RUN" start="2026-01-12T14:53:36.336216" elapsed="0.000272"/>
</return>
<status status="NOT RUN" start="2026-01-12T14:53:36.335841" elapsed="0.000821"/>
</branch>
<status status="PASS" start="2026-01-12T14:53:35.307270" elapsed="1.029521"/>
</if>
<msg time="2026-01-12T14:53:36.337151" level="INFO">${cart_count} = 1</msg>
<var>${cart_count}</var>
<doc>Returns the number of items in cart from the cart icon</doc>
<status status="PASS" start="2026-01-12T14:53:34.796943" elapsed="1.540572"/>
</kw>
<kw name="Log" owner="BuiltIn">
<msg time="2026-01-12T14:53:36.339150" level="INFO">Current cart count before clearing: 1</msg>
<arg>Current cart count before clearing: ${cart_count}</arg>
<doc>Logs the given message with the given level.</doc>
<status status="PASS" start="2026-01-12T14:53:36.337941" elapsed="0.001715"/>
</kw>
<if>
<branch type="IF" condition="${cart_count} &gt; 0">
<kw name="Click Element" owner="SeleniumLibrary">
<msg time="2026-01-12T14:53:36.341812" level="INFO">Clicking element 'class=shopping_cart_link'.</msg>
<arg>${CART_ICON}</arg>
<doc>Click the element identified by ``locator``.</doc>
<status status="PASS" start="2026-01-12T14:53:36.340812" elapsed="1.070139"/>
</kw>
<kw name="Wait Until Element Is Visible" owner="SeleniumLibrary">
<arg>css=.cart_list</arg>
<arg>timeout=15</arg>
<doc>Waits until the element ``locator`` is visible.</doc>
<status status="PASS" start="2026-01-12T14:53:37.411947" elapsed="1.067456"/>
</kw>
<kw name="Set Variable" owner="BuiltIn">
<msg time="2026-01-12T14:53:38.483129" level="INFO">${max_attempts} = 10</msg>
<var>${max_attempts}</var>
<arg>10</arg>
<doc>Returns the given values which can then be assigned to a variables.</doc>
<status status="PASS" start="2026-01-12T14:53:38.480864" elapsed="0.003337"/>
</kw>
<for flavor="IN RANGE">
<iter>
<kw name="Get WebElements" owner="SeleniumLibrary">
<msg time="2026-01-12T14:53:39.031983" level="INFO">${remove_buttons} = [&lt;selenium.webdriver.remote.webelement.WebElement (session="e7c3a61fb2b581194e41c2c6a454551f", element="f.A0BE80CABF349411C48FE6447988DDD1.d.3F6C139C86B2FA5B5BB86C88482BBF9E.e.73")&gt;]</msg>
<var>${remove_buttons}</var>
<arg>xpath=//button[text()='Remove']</arg>
<doc>Returns a list of WebElement objects matching the ``locator``.</doc>
<status status="PASS" start="2026-01-12T14:53:38.488367" elapsed="0.544514"/>
</kw>
<kw name="Get Length" owner="BuiltIn">
<msg time="2026-01-12T14:53:39.037576" level="INFO">Length is 1.</msg>
<msg time="2026-01-12T14:53:39.038925" level="INFO">${button_count} = 1</msg>
<var>${button_count}</var>
<arg>${remove_buttons}</arg>
<doc>Returns and logs the length of the given item as an integer.</doc>
<status status="PASS" start="2026-01-12T14:53:39.033897" elapsed="0.005781"/>
</kw>
<kw name="Exit For Loop If" owner="BuiltIn">
<arg>${button_count} == 0</arg>
<doc>Stops executing the enclosing FOR loop if the ``condition`` is true.</doc>
<status status="PASS" start="2026-01-12T14:53:39.040861" elapsed="0.003342"/>
</kw>
<for flavor="IN">
<iter>
<kw name="Click Button" owner="SeleniumLibrary">
<msg time="2026-01-12T14:53:39.050456" level="INFO">Clicking button '&lt;selenium.webdriver.remote.webelement.WebElement (session="e7c3a61fb2b581194e41c2c6a454551f", element="f.A0BE80CABF349411C48FE6447988DDD1.d.3F6C139C86B2FA5B5BB86C88482BBF9E.e.73")&gt;'.</msg>
<arg>${button}</arg>
<doc>Clicks the button identified by ``locator``.</doc>
<status status="PASS" start="2026-01-12T14:53:39.048394" elapsed="0.564170"/>
</kw>
<kw name="Sleep" owner="BuiltIn">
<msg time="2026-01-12T14:53:40.616005" level="INFO">Slept 1 second.</msg>
<arg>1</arg>
<doc>Pauses the test executed for the given time.</doc>
<status status="PASS" start="2026-01-12T14:53:39.613899" elapsed="1.003242"/>
</kw>
<var name="${button}">&lt;selenium.webdriver.remote.webelement.WebElement (session="e7c3a61fb2b581194e41c2c6a454551f", element="f.A0BE80CABF349411C48FE6447988DDD1.d.3F6C139C86B2FA5B5BB86C88482BBF9E.e.73")&gt;</var>
<status status="PASS" start="2026-01-12T14:53:39.047037" elapsed="1.570718"/>
</iter>
<var>${button}</var>
<value>@{remove_buttons}</value>
<status status="PASS" start="2026-01-12T14:53:39.044902" elapsed="1.573294"/>
</for>
<kw name="Get Cart Items Count" owner="cart_keywords">
<kw name="Get Element Count" owner="SeleniumLibrary">
<msg time="2026-01-12T14:53:41.152134" level="INFO">${count} = 0</msg>
<var>${count}</var>
<arg>${CART_BADGE}</arg>
<doc>Returns the number of elements matching ``locator``.</doc>
<status status="PASS" start="2026-01-12T14:53:40.621889" elapsed="0.531084"/>
</kw>
<if>
<branch type="IF" condition="${count} &gt; 0">
<kw name="Get Text" owner="SeleniumLibrary">
<var>${cart_count}</var>
<arg>${CART_BADGE}</arg>
<doc>Returns the text value of the element identified by ``locator``.</doc>
<status status="NOT RUN" start="2026-01-12T14:53:41.155662" elapsed="0.000886"/>
</kw>
<return>
<value>${cart_count}</value>
<status status="NOT RUN" start="2026-01-12T14:53:41.157178" elapsed="0.000683"/>
</return>
<status status="NOT RUN" start="2026-01-12T14:53:41.153800" elapsed="0.004604"/>
</branch>
<branch type="ELSE">
<return>
<value>0</value>
<status status="PASS" start="2026-01-12T14:53:41.159841" elapsed="0.000650"/>
</return>
<status status="PASS" start="2026-01-12T14:53:41.158874" elapsed="0.001992"/>
</branch>
<status status="PASS" start="2026-01-12T14:53:41.153673" elapsed="0.007528"/>
</if>
<msg time="2026-01-12T14:53:41.161737" level="INFO">${current_count} = 0</msg>
<var>${current_count}</var>
<doc>Returns the number of items in cart from the cart icon</doc>
<status status="PASS" start="2026-01-12T14:53:40.619584" elapsed="0.543521"/>
</kw>
<kw name="Exit For Loop If" owner="BuiltIn">
<msg time="2026-01-12T14:53:41.165753" level="INFO">Exiting for loop altogether.</msg>
<arg>${current_count} == 0</arg>
<doc>Stops executing the enclosing FOR loop if the ``condition`` is true.</doc>
<status status="PASS" start="2026-01-12T14:53:41.163913" elapsed="0.002498"/>
</kw>
<kw name="Sleep" owner="BuiltIn">
<arg>1</arg>
<doc>Pauses the test executed for the given time.</doc>
<status status="NOT RUN" start="2026-01-12T14:53:41.166943" elapsed="0.000712"/>
</kw>
<var name="${attempt}">0</var>
<status status="PASS" start="2026-01-12T14:53:38.487218" elapsed="2.680771"/>
</iter>
<var>${attempt}</var>
<value>${max_attempts}</value>
<status status="PASS" start="2026-01-12T14:53:38.485147" elapsed="2.683108"/>
</for>
<kw name="Click Button" owner="SeleniumLibrary">
<msg time="2026-01-12T14:53:41.169514" level="INFO">Clicking button 'id=continue-shopping'.</msg>
<arg>${CONTINUE_SHOPPING}</arg>
<doc>Clicks the button identified by ``locator``.</doc>
<status status="PASS" start="2026-01-12T14:53:41.168599" elapsed="2.698782"/>
</kw>
<kw name="Wait Until Element Is Visible" owner="SeleniumLibrary">
<arg>${INVENTORY_CONTAINER}</arg>
<arg>timeout=15</arg>
<doc>Waits until the element ``locator`` is visible.</doc>
<status status="PASS" start="2026-01-12T14:53:43.868385" elapsed="1.060033"/>
</kw>
<kw name="Get Cart Items Count" owner="cart_keywords">
<kw name="Get Element Count" owner="SeleniumLibrary">
<msg time="2026-01-12T14:53:45.474726" level="INFO">${count} = 0</msg>
<var>${count}</var>
<arg>${CART_BADGE}</arg>
<doc>Returns the number of elements matching ``locator``.</doc>
<status status="PASS" start="2026-01-12T14:53:44.932578" elapsed="0.543029"/>
</kw>
<if>
<branch type="IF" condition="${count} &gt; 0">
<kw name="Get Text" owner="SeleniumLibrary">
<var>${cart_count}</var>
<arg>${CART_BADGE}</arg>
<doc>Returns the text value of the element identified by ``locator``.</doc>
<status status="NOT RUN" start="2026-01-12T14:53:45.478555" elapsed="0.000856"/>
</kw>
<return>
<value>${cart_count}</value>
<status status="NOT RUN" start="2026-01-12T14:53:45.480742" elapsed="0.000682"/>
</return>
<status status="NOT RUN" start="2026-01-12T14:53:45.476436" elapsed="0.005493"/>
</branch>
<branch type="ELSE">
<return>
<value>0</value>
<status status="PASS" start="2026-01-12T14:53:45.483005" elapsed="0.000452"/>
</return>
<status status="PASS" start="2026-01-12T14:53:45.482346" elapsed="0.001435"/>
</branch>
<status status="PASS" start="2026-01-12T14:53:45.476309" elapsed="0.007730"/>
</if>
<msg time="2026-01-12T14:53:45.484648" level="INFO">${final_count} = 0</msg>
<var>${final_count}</var>
<doc>Returns the number of items in cart from the cart icon</doc>
<status status="PASS" start="2026-01-12T14:53:44.930249" elapsed="0.555126"/>
</kw>
<kw name="Should Be Equal As Numbers" owner="BuiltIn">
<arg>${final_count}</arg>
<arg>0</arg>
<doc>Fails if objects are unequal after converting them to real numbers.</doc>
<status status="PASS" start="2026-01-12T14:53:45.486193" elapsed="0.002205"/>
</kw>
<status status="PASS" start="2026-01-12T14:53:36.340094" elapsed="9.148825"/>
</branch>
<branch type="ELSE">
<kw name="Log" owner="BuiltIn">
<arg>Cart is already empty</arg>
<doc>Logs the given message with the given level.</doc>
<status status="NOT RUN" start="2026-01-12T14:53:45.490628" elapsed="0.000999"/>
</kw>
<status status="NOT RUN" start="2026-01-12T14:53:45.489207" elapsed="0.002955"/>
</branch>
<status status="PASS" start="2026-01-12T14:53:36.340021" elapsed="9.152951"/>
</if>
<doc>Completely clears the cart with robust error handling</doc>
<status status="PASS" start="2026-01-12T14:53:34.796145" elapsed="10.697180"/>
</kw>
<kw name="Get Cart Items Count" owner="cart_keywords">
<kw name="Get Element Count" owner="SeleniumLibrary">
<msg time="2026-01-12T14:53:46.020665" level="INFO">${count} = 0</msg>
<var>${count}</var>
<arg>${CART_BADGE}</arg>
<doc>Returns the number of elements matching ``locator``.</doc>
<status status="PASS" start="2026-01-12T14:53:45.497271" elapsed="0.524232"/>
</kw>
<if>
<branch type="IF" condition="${count} &gt; 0">
<kw name="Get Text" owner="SeleniumLibrary">
<var>${cart_count}</var>
<arg>${CART_BADGE}</arg>
<doc>Returns the text value of the element identified by ``locator``.</doc>
<status status="NOT RUN" start="2026-01-12T14:53:46.024213" elapsed="0.000863"/>
</kw>
<return>
<value>${cart_count}</value>
<status status="NOT RUN" start="2026-01-12T14:53:46.025622" elapsed="0.000620"/>
</return>
<status status="NOT RUN" start="2026-01-12T14:53:46.022374" elapsed="0.004216"/>
</branch>
<branch type="ELSE">
<return>
<value>0</value>
<status status="PASS" start="2026-01-12T14:53:46.027779" elapsed="0.000565"/>
</return>
<status status="PASS" start="2026-01-12T14:53:46.026915" elapsed="0.001802"/>
</branch>
<status status="PASS" start="2026-01-12T14:53:46.022246" elapsed="0.006738"/>
</if>
<msg time="2026-01-12T14:53:46.029714" level="INFO">${cart_count} = 0</msg>
<var>${cart_count}</var>
<doc>Returns the number of items in cart from the cart icon</doc>
<status status="PASS" start="2026-01-12T14:53:45.495096" elapsed="0.535402"/>
</kw>
<if>
<branch type="IF" condition="${cart_count} != 0">
<kw name="Log" owner="BuiltIn">
<arg>Warning: Cart count is ${cart_count}, attempting additional cleanup</arg>
<doc>Logs the given message with the given level.</doc>
<status status="NOT RUN" start="2026-01-12T14:53:46.034295" elapsed="0.001106"/>
</kw>
<kw name="Clear Cart Completely" owner="cart_keywords">
<doc>Completely clears the cart with robust error handling</doc>
<status status="NOT RUN" start="2026-01-12T14:53:46.037532" elapsed="0.000760"/>
</kw>
<kw name="Get Cart Items Count" owner="cart_keywords">
<var>${final_count}</var>
<doc>Returns the number of items in cart from the cart icon</doc>
<status status="NOT RUN" start="2026-01-12T14:53:46.039044" elapsed="0.000388"/>
</kw>
<if>
<branch type="IF" condition="${final_count} != 0">
<kw name="Log" owner="BuiltIn">
<arg>Cart still not empty after second attempt. Count: ${final_count}</arg>
<doc>Logs the given message with the given level.</doc>
<status status="NOT RUN" start="2026-01-12T14:53:46.040362" elapsed="0.000358"/>
</kw>
<status status="NOT RUN" start="2026-01-12T14:53:46.039836" elapsed="0.001165"/>
</branch>
<status status="NOT RUN" start="2026-01-12T14:53:46.039765" elapsed="0.001406"/>
</if>
<status status="NOT RUN" start="2026-01-12T14:53:46.031480" elapsed="0.009778"/>
</branch>
<status status="PASS" start="2026-01-12T14:53:46.031264" elapsed="0.010139"/>
</if>
<kw name="Log" owner="BuiltIn">
<msg time="2026-01-12T14:53:46.042682" level="INFO">Cart cleanup completed</msg>
<arg>Cart cleanup completed</arg>
<doc>Logs the given message with the given level.</doc>
<status status="PASS" start="2026-01-12T14:53:46.041667" elapsed="0.001534"/>
</kw>
<doc>Ensures cart is completely clean before test</doc>
<status status="PASS" start="2026-01-12T14:53:32.937013" elapsed="13.106571"/>
</kw>
<arg>Ensure Clean Cart</arg>
<doc>Runs the given keyword with the given arguments and ignores possible error.</doc>
<status status="PASS" start="2026-01-12T14:53:32.936287" elapsed="13.107904"/>
</kw>
<kw name="Add Product To Cart" owner="cart_keywords">
<kw name="Set Variable" owner="BuiltIn">
<msg time="2026-01-12T14:53:46.048790" level="INFO">${add_button} = //div[text()='Sauce Labs Bike Light']/ancestor::div[@class='inventory_item_description']//button[text()='Add to cart']</msg>
<var>${add_button}</var>
<arg>//div[text()='${product_name}']/ancestor::div[@class='inventory_item_description']//button[text()='Add to cart']</arg>
<doc>Returns the given values which can then be assigned to a variables.</doc>
<status status="PASS" start="2026-01-12T14:53:46.047338" elapsed="0.002163"/>
</kw>
<kw name="Wait Until Element Is Visible" owner="SeleniumLibrary">
<arg>${add_button}</arg>
<arg>timeout=15</arg>
<doc>Waits until the element ``locator`` is visible.</doc>
<status status="PASS" start="2026-01-12T14:53:46.050164" elapsed="1.071385"/>
</kw>
<kw name="Click Button" owner="SeleniumLibrary">
<msg time="2026-01-12T14:53:47.122323" level="INFO">Clicking button '//div[text()='Sauce Labs Bike Light']/ancestor::div[@class='inventory_item_description']//button[text()='Add to cart']'.</msg>
<arg>${add_button}</arg>
<doc>Clicks the button identified by ``locator``.</doc>
<status status="PASS" start="2026-01-12T14:53:47.121851" elapsed="2.674866"/>
</kw>
<kw name="Log" owner="BuiltIn">
<msg time="2026-01-12T14:53:49.800246" level="INFO">Added Sauce Labs Bike Light to cart</msg>
<arg>Added ${product_name} to cart</arg>
<doc>Logs the given message with the given level.</doc>
<status status="PASS" start="2026-01-12T14:53:49.797988" elapsed="0.003131"/>
</kw>
<kw name="Sleep" owner="BuiltIn">
<msg time="2026-01-12T14:53:50.803959" level="INFO">Slept 1 second.</msg>
<arg>1</arg>
<doc>Pauses the test executed for the given time.</doc>
<status status="PASS" start="2026-01-12T14:53:49.801925" elapsed="1.002431"/>
</kw>
<arg>${BIKE_LIGHT}</arg>
<doc>Adds a specific product to cart</doc>
<status status="PASS" start="2026-01-12T14:53:46.045719" elapsed="4.758892"/>
</kw>
<kw name="Verify Cart Item Count" owner="cart_keywords">
<kw name="Get Cart Items Count" owner="cart_keywords">
<kw name="Get Element Count" owner="SeleniumLibrary">
<msg time="2026-01-12T14:53:51.316391" level="INFO">${count} = 1</msg>
<var>${count}</var>
<arg>${CART_BADGE}</arg>
<doc>Returns the number of elements matching ``locator``.</doc>
<status status="PASS" start="2026-01-12T14:53:50.806997" elapsed="0.509801"/>
</kw>
<if>
<branch type="IF" condition="${count} &gt; 0">
<kw name="Get Text" owner="SeleniumLibrary">
<msg time="2026-01-12T14:53:52.367804" level="INFO">${cart_count} = 1</msg>
<var>${cart_count}</var>
<arg>${CART_BADGE}</arg>
<doc>Returns the text value of the element identified by ``locator``.</doc>
<status status="PASS" start="2026-01-12T14:53:51.318017" elapsed="1.050620"/>
</kw>
<return>
<value>${cart_count}</value>
<status status="PASS" start="2026-01-12T14:53:52.370046" elapsed="0.000779"/>
</return>
<status status="PASS" start="2026-01-12T14:53:51.317160" elapsed="1.054127"/>
</branch>
<branch type="ELSE">
<return>
<value>0</value>
<status status="NOT RUN" start="2026-01-12T14:53:52.372558" elapsed="0.000787"/>
</return>
<status status="NOT RUN" start="2026-01-12T14:53:52.371585" elapsed="0.002282"/>
</branch>
<status status="PASS" start="2026-01-12T14:53:51.317091" elapsed="1.057170"/>
</if>
<msg time="2026-01-12T14:53:52.375057" level="INFO">${actual_count} = 1</msg>
<var>${actual_count}</var>
<doc>Returns the number of items in cart from the cart icon</doc>
<status status="PASS" start="2026-01-12T14:53:50.806355" elapsed="1.569651"/>
</kw>
<kw name="Should Be Equal As Numbers" owner="BuiltIn">
<arg>${actual_count}</arg>
<arg>${expected_count}</arg>
<doc>Fails if objects are unequal after converting them to real numbers.</doc>
<status status="PASS" start="2026-01-12T14:53:52.377055" elapsed="0.003903"/>
</kw>
<arg>1</arg>
<doc>Verifies the cart contains specific number of items</doc>
<status status="PASS" start="2026-01-12T14:53:50.805276" elapsed="1.576776"/>
</kw>
<kw name="Go To Cart" owner="cart_keywords">
<kw name="Wait Until Element Is Visible" owner="SeleniumLibrary">
<arg>${CART_ICON}</arg>
<doc>Waits until the element ``locator`` is visible.</doc>
<status status="PASS" start="2026-01-12T14:53:52.386068" elapsed="1.053203"/>
</kw>
<kw name="Click Element" owner="SeleniumLibrary">
<msg time="2026-01-12T14:53:53.441915" level="INFO">Clicking element 'class=shopping_cart_link'.</msg>
<arg>${CART_ICON}</arg>
<doc>Click the element identified by ``locator``.</doc>
<status status="PASS" start="2026-01-12T14:53:53.440252" elapsed="1.114371"/>
</kw>
<kw name="Wait Until Element Is Visible" owner="SeleniumLibrary">
<arg>css=.cart_list</arg>
<arg>timeout=15</arg>
<doc>Waits until the element ``locator`` is visible.</doc>
<status status="PASS" start="2026-01-12T14:53:54.555610" elapsed="1.064496"/>
</kw>
<kw name="Page Should Contain" owner="SeleniumLibrary">
<msg time="2026-01-12T14:53:56.662733" level="INFO">Current page contains text 'Your Cart'.</msg>
<arg>Your Cart</arg>
<doc>Verifies that current page contains ``text``.</doc>
<status status="PASS" start="2026-01-12T14:53:55.621102" elapsed="1.042723"/>
</kw>
<doc>Navigates to the cart page</doc>
<status status="PASS" start="2026-01-12T14:53:52.384057" elapsed="4.280452"/>
</kw>
<kw name="Remove Product From Cart On Cart Page" owner="cart_keywords">
<kw name="Set Variable" owner="BuiltIn">
<msg time="2026-01-12T14:53:56.671498" level="INFO">${remove_button} = //div[text()='Sauce Labs Bike Light']/ancestor::div[@class='cart_item']//button[text()='Remove']</msg>
<var>${remove_button}</var>
<arg>//div[text()='${product_name}']/ancestor::div[@class='cart_item']//button[text()='Remove']</arg>
<doc>Returns the given values which can then be assigned to a variables.</doc>
<status status="PASS" start="2026-01-12T14:53:56.668808" elapsed="0.003390"/>
</kw>
<kw name="Wait Until Element Is Visible" owner="SeleniumLibrary">
<arg>${remove_button}</arg>
<arg>timeout=15</arg>
<doc>Waits until the element ``locator`` is visible.</doc>
<status status="PASS" start="2026-01-12T14:53:56.673175" elapsed="1.049546"/>
</kw>
<kw name="Click Button" owner="SeleniumLibrary">
<msg time="2026-01-12T14:53:57.725791" level="INFO">Clicking button '//div[text()='Sauce Labs Bike Light']/ancestor::div[@class='cart_item']//button[text()='Remove']'.</msg>
<arg>${remove_button}</arg>
<doc>Clicks the button identified by ``locator``.</doc>
<status status="PASS" start="2026-01-12T14:53:57.723938" elapsed="2.646749"/>
</kw>
<kw name="Log" owner="BuiltIn">
<msg time="2026-01-12T14:54:00.373944" level="INFO">Removed Sauce Labs Bike Light from cart on cart page</msg>
<arg>Removed ${product_name} from cart on cart page</arg>
<doc>Logs the given message with the given level.</doc>
<status status="PASS" start="2026-01-12T14:54:00.371662" elapsed="0.003290"/>
</kw>
<kw name="Sleep" owner="BuiltIn">
<msg time="2026-01-12T14:54:01.379284" level="INFO">Slept 1 second.</msg>
<arg>1</arg>
<doc>Pauses the test executed for the given time.</doc>
<status status="PASS" start="2026-01-12T14:54:00.375834" elapsed="1.004505"/>
</kw>
<arg>${BIKE_LIGHT}</arg>
<doc>Removes a specific product from cart while on cart page</doc>
<status status="PASS" start="2026-01-12T14:53:56.666446" elapsed="4.714650"/>
</kw>
<kw name="Verify Cart Item Count" owner="cart_keywords">
<kw name="Get Cart Items Count" owner="cart_keywords">
<kw name="Get Element Count" owner="SeleniumLibrary">
<msg time="2026-01-12T14:54:01.916846" level="INFO">${count} = 0</msg>
<var>${count}</var>
<arg>${CART_BADGE}</arg>
<doc>Returns the number of elements matching ``locator``.</doc>
<status status="PASS" start="2026-01-12T14:54:01.388559" elapsed="0.529116"/>
</kw>
<if>
<branch type="IF" condition="${count} &gt; 0">
<kw name="Get Text" owner="SeleniumLibrary">
<var>${cart_count}</var>
<arg>${CART_BADGE}</arg>
<doc>Returns the text value of the element identified by ``locator``.</doc>
<status status="NOT RUN" start="2026-01-12T14:54:01.920570" elapsed="0.001018"/>
</kw>
<return>
<value>${cart_count}</value>
<status status="NOT RUN" start="2026-01-12T14:54:01.922240" elapsed="0.000905"/>
</return>
<status status="NOT RUN" start="2026-01-12T14:54:01.918489" elapsed="0.005124"/>
</branch>
<branch type="ELSE">
<return>
<value>0</value>
<status status="PASS" start="2026-01-12T14:54:01.925311" elapsed="0.002861"/>
</return>
<status status="PASS" start="2026-01-12T14:54:01.924003" elapsed="0.004618"/>
</branch>
<status status="PASS" start="2026-01-12T14:54:01.918364" elapsed="0.010549"/>
</if>
<msg time="2026-01-12T14:54:01.929511" level="INFO">${actual_count} = 0</msg>
<var>${actual_count}</var>
<doc>Returns the number of items in cart from the cart icon</doc>
<status status="PASS" start="2026-01-12T14:54:01.386618" elapsed="0.543608"/>
</kw>
<kw name="Should Be Equal As Numbers" owner="BuiltIn">
<arg>${actual_count}</arg>
<arg>${expected_count}</arg>
<doc>Fails if objects are unequal after converting them to real numbers.</doc>
<status status="PASS" start="2026-01-12T14:54:01.931061" elapsed="0.001624"/>
</kw>
<arg>0</arg>
<doc>Verifies the cart contains specific number of items</doc>
<status status="PASS" start="2026-01-12T14:54:01.383339" elapsed="0.549750"/>
</kw>
<kw name="Get All Cart Items" owner="cart_keywords">
<kw name="Create List" owner="BuiltIn">
<msg time="2026-01-12T14:54:01.936966" level="INFO">${items} = []</msg>
<var>${items}</var>
<doc>Returns a list containing given items.</doc>
<status status="PASS" start="2026-01-12T14:54:01.935737" elapsed="0.001919"/>
</kw>
<kw name="Get WebElements" owner="SeleniumLibrary">
<msg time="2026-01-12T14:54:02.460116" level="INFO">${elements} = []</msg>
<var>${elements}</var>
<arg>class=inventory_item_name</arg>
<doc>Returns a list of WebElement objects matching the ``locator``.</doc>
<status status="PASS" start="2026-01-12T14:54:01.938216" elapsed="0.522697"/>
</kw>
<for flavor="IN">
<iter>
<kw name="Get Text" owner="SeleniumLibrary">
<var>${item_name}</var>
<arg>${element}</arg>
<doc>Returns the text value of the element identified by ``locator``.</doc>
<status status="NOT RUN" start="2026-01-12T14:54:02.464604" elapsed="0.000850"/>
</kw>
<kw name="Append To List" owner="Collections">
<arg>${items}</arg>
<arg>${item_name}</arg>
<doc>Adds ``values`` to the end of ``list``.</doc>
<status status="NOT RUN" start="2026-01-12T14:54:02.466328" elapsed="0.000825"/>
</kw>
<var name="${element}"/>
<status status="NOT RUN" start="2026-01-12T14:54:02.463301" elapsed="0.004301"/>
</iter>
<var>${element}</var>
<value>@{elements}</value>
<status status="NOT RUN" start="2026-01-12T14:54:02.461627" elapsed="0.006292"/>
</for>
<return>
<value>${items}</value>
<status status="PASS" start="2026-01-12T14:54:02.468751" elapsed="0.000574"/>
</return>
<msg time="2026-01-12T14:54:02.470123" level="INFO">${items} = []</msg>
<var>${items}</var>
<doc>Returns a list of all product names in the cart</doc>
<status status="PASS" start="2026-01-12T14:54:01.934304" elapsed="0.536463"/>
</kw>
<kw name="Should Be Empty" owner="BuiltIn">
<msg time="2026-01-12T14:54:02.475539" level="INFO">Length is 0.</msg>
<arg>${items}</arg>
<doc>Verifies that the given item is empty.</doc>
<status status="PASS" start="2026-01-12T14:54:02.472481" elapsed="0.003919"/>
</kw>
<kw name="Run Keyword If Test Failed" owner="BuiltIn" type="TEARDOWN">
<arg>Capture Page Screenshot</arg>
<doc>Runs the given keyword with the given arguments, if the test failed.</doc>
<status status="PASS" start="2026-01-12T14:54:02.478199" elapsed="0.001321"/>
</kw>
<doc>Test removing a product from cart</doc>
<tag>smoke</tag>
<status status="PASS" start="2026-01-12T14:53:32.932633" elapsed="29.547682"/>
</test>
<test id="s1-s1-t3" name="Test Add Multiple Products To Cart" line="40">
<kw name="Run Keyword And Ignore Error" owner="BuiltIn" type="SETUP">
<kw name="Ensure Clean Cart" owner="cart_keywords">
<kw name="Log" owner="BuiltIn">
<msg time="2026-01-12T14:54:02.503520" level="INFO">Ensuring clean cart before test...</msg>
<arg>Ensuring clean cart before test...</arg>
<doc>Logs the given message with the given level.</doc>
<status status="PASS" start="2026-01-12T14:54:02.503030" elapsed="0.000780"/>
</kw>
<kw name="Go To" owner="SeleniumLibrary">
<msg time="2026-01-12T14:54:02.504711" level="INFO">Opening url 'https://www.saucedemo.com/inventory.html'</msg>
<arg>${PRODUCTS_URL}</arg>
<doc>Navigates the current browser window to the provided ``url``.</doc>
<status status="PASS" start="2026-01-12T14:54:02.504087" elapsed="0.757614"/>
</kw>
<kw name="Wait Until Element Is Visible" owner="SeleniumLibrary">
<arg>${INVENTORY_CONTAINER}</arg>
<arg>timeout=15</arg>
<doc>Waits until the element ``locator`` is visible.</doc>
<status status="PASS" start="2026-01-12T14:54:03.263006" elapsed="1.037580"/>
</kw>
<kw name="Clear Cart Completely" owner="cart_keywords">
<kw name="Get Cart Items Count" owner="cart_keywords">
<kw name="Get Element Count" owner="SeleniumLibrary">
<msg time="2026-01-12T14:54:04.825230" level="INFO">${count} = 0</msg>
<var>${count}</var>
<arg>${CART_BADGE}</arg>
<doc>Returns the number of elements matching ``locator``.</doc>
<status status="PASS" start="2026-01-12T14:54:04.303932" elapsed="0.522201"/>
</kw>
<if>
<branch type="IF" condition="${count} &gt; 0">
<kw name="Get Text" owner="SeleniumLibrary">
<var>${cart_count}</var>
<arg>${CART_BADGE}</arg>
<doc>Returns the text value of the element identified by ``locator``.</doc>
<status status="NOT RUN" start="2026-01-12T14:54:04.828993" elapsed="0.001173"/>
</kw>
<return>
<value>${cart_count}</value>
<status status="NOT RUN" start="2026-01-12T14:54:04.831027" elapsed="0.000710"/>
</return>
<status status="NOT RUN" start="2026-01-12T14:54:04.827011" elapsed="0.005119"/>
</branch>
<branch type="ELSE">
<return>
<value>0</value>
<status status="PASS" start="2026-01-12T14:54:04.833068" elapsed="0.000456"/>
</return>
<status status="PASS" start="2026-01-12T14:54:04.832512" elapsed="0.001376"/>
</branch>
<status status="PASS" start="2026-01-12T14:54:04.826863" elapsed="0.007273"/>
</if>
<msg time="2026-01-12T14:54:04.834683" level="INFO">${cart_count} = 0</msg>
<var>${cart_count}</var>
<doc>Returns the number of items in cart from the cart icon</doc>
<status status="PASS" start="2026-01-12T14:54:04.303045" elapsed="0.532304"/>
</kw>
<kw name="Log" owner="BuiltIn">
<msg time="2026-01-12T14:54:04.838748" level="INFO">Current cart count before clearing: 0</msg>
<arg>Current cart count before clearing: ${cart_count}</arg>
<doc>Logs the given message with the given level.</doc>
<status status="PASS" start="2026-01-12T14:54:04.836189" elapsed="0.003873"/>
</kw>
<if>
<branch type="IF" condition="${cart_count} &gt; 0">
<kw name="Click Element" owner="SeleniumLibrary">
<arg>${CART_ICON}</arg>
<doc>Click the element identified by ``locator``.</doc>
<status status="NOT RUN" start="2026-01-12T14:54:04.842363" elapsed="0.000648"/>
</kw>
<kw name="Wait Until Element Is Visible" owner="SeleniumLibrary">
<arg>css=.cart_list</arg>
<arg>timeout=15</arg>
<doc>Waits until the element ``locator`` is visible.</doc>
<status status="NOT RUN" start="2026-01-12T14:54:04.843686" elapsed="0.000753"/>
</kw>
<kw name="Set Variable" owner="BuiltIn">
<var>${max_attempts}</var>
<arg>10</arg>
<doc>Returns the given values which can then be assigned to a variables.</doc>
<status status="NOT RUN" start="2026-01-12T14:54:04.845099" elapsed="0.000506"/>
</kw>
<for flavor="IN RANGE">
<iter>
<kw name="Get WebElements" owner="SeleniumLibrary">
<var>${remove_buttons}</var>
<arg>xpath=//button[text()='Remove']</arg>
<doc>Returns a list of WebElement objects matching the ``locator``.</doc>
<status status="NOT RUN" start="2026-01-12T14:54:04.847233" elapsed="0.000465"/>
</kw>
<kw name="Get Length" owner="BuiltIn">
<var>${button_count}</var>
<arg>${remove_buttons}</arg>
<doc>Returns and logs the length of the given item as an integer.</doc>
<status status="NOT RUN" start="2026-01-12T14:54:04.848294" elapsed="0.000465"/>
</kw>
<kw name="Exit For Loop If" owner="BuiltIn">
<arg>${button_count} == 0</arg>
<doc>Stops executing the enclosing FOR loop if the ``condition`` is true.</doc>
<status status="NOT RUN" start="2026-01-12T14:54:04.849321" elapsed="0.000420"/>
</kw>
<for flavor="IN">
<iter>
<kw name="Click Button" owner="SeleniumLibrary">
<arg>${button}</arg>
<doc>Clicks the button identified by ``locator``.</doc>
<status status="NOT RUN" start="2026-01-12T14:54:04.851108" elapsed="0.000346"/>
</kw>
<kw name="Sleep" owner="BuiltIn">
<arg>1</arg>
<doc>Pauses the test executed for the given time.</doc>
<status status="NOT RUN" start="2026-01-12T14:54:04.851891" elapsed="0.000338"/>
</kw>
<var name="${button}"/>
<status status="NOT RUN" start="2026-01-12T14:54:04.850660" elapsed="0.001863"/>
</iter>
<var>${button}</var>
<value>@{remove_buttons}</value>
<status status="NOT RUN" start="2026-01-12T14:54:04.850151" elapsed="0.002586"/>
</for>
<kw name="Get Cart Items Count" owner="cart_keywords">
<var>${current_count}</var>
<doc>Returns the number of items in cart from the cart icon</doc>
<status status="NOT RUN" start="2026-01-12T14:54:04.853230" elapsed="0.000348"/>
</kw>
<kw name="Exit For Loop If" owner="BuiltIn">
<arg>${current_count} == 0</arg>
<doc>Stops executing the enclosing FOR loop if the ``condition`` is true.</doc>
<status status="NOT RUN" start="2026-01-12T14:54:04.853924" elapsed="0.000229"/>
</kw>
<kw name="Sleep" owner="BuiltIn">
<arg>1</arg>
<doc>Pauses the test executed for the given time.</doc>
<status status="NOT RUN" start="2026-01-12T14:54:04.854458" elapsed="0.000213"/>
</kw>
<var name="${attempt}"/>
<status status="NOT RUN" start="2026-01-12T14:54:04.846581" elapsed="0.008275"/>
</iter>
<var>${attempt}</var>
<value>${max_attempts}</value>
<status status="NOT RUN" start="2026-01-12T14:54:04.845952" elapsed="0.009075"/>
</for>
<kw name="Click Button" owner="SeleniumLibrary">
<arg>${CONTINUE_SHOPPING}</arg>
<doc>Clicks the button identified by ``locator``.</doc>
<status status="NOT RUN" start="2026-01-12T14:54:04.855345" elapsed="0.000236"/>
</kw>
<kw name="Wait Until Element Is Visible" owner="SeleniumLibrary">
<arg>${INVENTORY_CONTAINER}</arg>
<arg>timeout=15</arg>
<doc>Waits until the element ``locator`` is visible.</doc>
<status status="NOT RUN" start="2026-01-12T14:54:04.855809" elapsed="0.000186"/>
</kw>
<kw name="Get Cart Items Count" owner="cart_keywords">
<var>${final_count}</var>
<doc>Returns the number of items in cart from the cart icon</doc>
<status status="NOT RUN" start="2026-01-12T14:54:04.856368" elapsed="0.000223"/>
</kw>
<kw name="Should Be Equal As Numbers" owner="BuiltIn">
<arg>${final_count}</arg>
<arg>0</arg>
<doc>Fails if objects are unequal after converting them to real numbers.</doc>
<status status="NOT RUN" start="2026-01-12T14:54:04.856818" elapsed="0.000182"/>
</kw>
<status status="NOT RUN" start="2026-01-12T14:54:04.841036" elapsed="0.016183"/>
</branch>
<branch type="ELSE">
<kw name="Log" owner="BuiltIn">
<msg time="2026-01-12T14:54:04.858095" level="INFO">Cart is already empty</msg>
<arg>Cart is already empty</arg>
<doc>Logs the given message with the given level.</doc>
<status status="PASS" start="2026-01-12T14:54:04.857572" elapsed="0.000826"/>
</kw>
<status status="PASS" start="2026-01-12T14:54:04.857319" elapsed="0.001233"/>
</branch>
<status status="PASS" start="2026-01-12T14:54:04.840905" elapsed="0.017734"/>
</if>
<doc>Completely clears the cart with robust error handling</doc>
<status status="PASS" start="2026-01-12T14:54:04.301741" elapsed="0.556989"/>
</kw>
<kw name="Get Cart Items Count" owner="cart_keywords">
<kw name="Get Element Count" owner="SeleniumLibrary">
<msg time="2026-01-12T14:54:05.370458" level="INFO">${count} = 0</msg>
<var>${count}</var>
<arg>${CART_BADGE}</arg>
<doc>Returns the number of elements matching ``locator``.</doc>
<status status="PASS" start="2026-01-12T14:54:04.859613" elapsed="0.511703"/>
</kw>
<if>
<branch type="IF" condition="${count} &gt; 0">
<kw name="Get Text" owner="SeleniumLibrary">
<var>${cart_count}</var>
<arg>${CART_BADGE}</arg>
<doc>Returns the text value of the element identified by ``locator``.</doc>
<status status="NOT RUN" start="2026-01-12T14:54:05.374871" elapsed="0.001060"/>
</kw>
<return>
<value>${cart_count}</value>
<status status="NOT RUN" start="2026-01-12T14:54:05.376869" elapsed="0.000597"/>
</return>
<status status="NOT RUN" start="2026-01-12T14:54:05.372640" elapsed="0.005165"/>
</branch>
<branch type="ELSE">
<return>
<value>0</value>
<status status="PASS" start="2026-01-12T14:54:05.378973" elapsed="0.000560"/>
</return>
<status status="PASS" start="2026-01-12T14:54:05.378081" elapsed="0.001849"/>
</branch>
<status status="PASS" start="2026-01-12T14:54:05.372484" elapsed="0.007722"/>
</if>
<msg time="2026-01-12T14:54:05.380767" level="INFO">${cart_count} = 0</msg>
<var>${cart_count}</var>
<doc>Returns the number of items in cart from the cart icon</doc>
<status status="PASS" start="2026-01-12T14:54:04.859081" elapsed="0.522384"/>
</kw>
<if>
<branch type="IF" condition="${cart_count} != 0">
<kw name="Log" owner="BuiltIn">
<arg>Warning: Cart count is ${cart_count}, attempting additional cleanup</arg>
<doc>Logs the given message with the given level.</doc>
<status status="NOT RUN" start="2026-01-12T14:54:05.383488" elapsed="0.001134"/>
</kw>
<kw name="Clear Cart Completely" owner="cart_keywords">
<doc>Completely clears the cart with robust error handling</doc>
<status status="NOT RUN" start="2026-01-12T14:54:05.387161" elapsed="0.001414"/>
</kw>
<kw name="Get Cart Items Count" owner="cart_keywords">
<var>${final_count}</var>
<doc>Returns the number of items in cart from the cart icon</doc>
<status status="NOT RUN" start="2026-01-12T14:54:05.389988" elapsed="0.000453"/>
</kw>
<if>
<branch type="IF" condition="${final_count} != 0">
<kw name="Log" owner="BuiltIn">
<arg>Cart still not empty after second attempt. Count: ${final_count}</arg>
<doc>Logs the given message with the given level.</doc>
<status status="NOT RUN" start="2026-01-12T14:54:05.391416" elapsed="0.000373"/>
</kw>
<status status="NOT RUN" start="2026-01-12T14:54:05.390892" elapsed="0.001209"/>
</branch>
<status status="NOT RUN" start="2026-01-12T14:54:05.390817" elapsed="0.001466"/>
</if>
<status status="NOT RUN" start="2026-01-12T14:54:05.382196" elapsed="0.010177"/>
</branch>
<status status="PASS" start="2026-01-12T14:54:05.382089" elapsed="0.010434"/>
</if>
<kw name="Log" owner="BuiltIn">
<msg time="2026-01-12T14:54:05.393799" level="INFO">Cart cleanup completed</msg>
<arg>Cart cleanup completed</arg>
<doc>Logs the given message with the given level.</doc>
<status status="PASS" start="2026-01-12T14:54:05.392801" elapsed="0.001558"/>
</kw>
<doc>Ensures cart is completely clean before test</doc>
<status status="PASS" start="2026-01-12T14:54:02.502355" elapsed="2.892300"/>
</kw>
<arg>Ensure Clean Cart</arg>
<doc>Runs the given keyword with the given arguments and ignores possible error.</doc>
<status status="PASS" start="2026-01-12T14:54:02.501120" elapsed="2.893823"/>
</kw>
<kw name="Add Multiple Products To Cart" owner="cart_keywords">
<for flavor="IN">
<iter>
<kw name="Add Product To Cart" owner="cart_keywords">
<kw name="Set Variable" owner="BuiltIn">
<msg time="2026-01-12T14:54:05.400189" level="INFO">${add_button} = //div[text()='Sauce Labs Backpack']/ancestor::div[@class='inventory_item_description']//button[text()='Add to cart']</msg>
<var>${add_button}</var>
<arg>//div[text()='${product_name}']/ancestor::div[@class='inventory_item_description']//button[text()='Add to cart']</arg>
<doc>Returns the given values which can then be assigned to a variables.</doc>
<status status="PASS" start="2026-01-12T14:54:05.399145" elapsed="0.001404"/>
</kw>
<kw name="Wait Until Element Is Visible" owner="SeleniumLibrary">
<arg>${add_button}</arg>
<arg>timeout=15</arg>
<doc>Waits until the element ``locator`` is visible.</doc>
<status status="PASS" start="2026-01-12T14:54:05.400946" elapsed="1.032718"/>
</kw>
<kw name="Click Button" owner="SeleniumLibrary">
<msg time="2026-01-12T14:54:06.436174" level="INFO">Clicking button '//div[text()='Sauce Labs Backpack']/ancestor::div[@class='inventory_item_description']//button[text()='Add to cart']'.</msg>
<arg>${add_button}</arg>
<doc>Clicks the button identified by ``locator``.</doc>
<status status="PASS" start="2026-01-12T14:54:06.434657" elapsed="2.675551"/>
</kw>
<kw name="Log" owner="BuiltIn">
<msg time="2026-01-12T14:54:09.113184" level="INFO">Added Sauce Labs Backpack to cart</msg>
<arg>Added ${product_name} to cart</arg>
<doc>Logs the given message with the given level.</doc>
<status status="PASS" start="2026-01-12T14:54:09.111188" elapsed="0.003401"/>
</kw>
<kw name="Sleep" owner="BuiltIn">
<msg time="2026-01-12T14:54:10.118459" level="INFO">Slept 1 second.</msg>
<arg>1</arg>
<doc>Pauses the test executed for the given time.</doc>
<status status="PASS" start="2026-01-12T14:54:09.115448" elapsed="1.004164"/>
</kw>
<arg>${product}</arg>
<doc>Adds a specific product to cart</doc>
<status status="PASS" start="2026-01-12T14:54:05.398326" elapsed="4.722250"/>
</kw>
<var name="${product}">Sauce Labs Backpack</var>
<status status="PASS" start="2026-01-12T14:54:05.397822" elapsed="4.723691"/>
</iter>
<iter>
<kw name="Add Product To Cart" owner="cart_keywords">
<kw name="Set Variable" owner="BuiltIn">
<msg time="2026-01-12T14:54:10.129733" level="INFO">${add_button} = //div[text()='Sauce Labs Bike Light']/ancestor::div[@class='inventory_item_description']//button[text()='Add to cart']</msg>
<var>${add_button}</var>
<arg>//div[text()='${product_name}']/ancestor::div[@class='inventory_item_description']//button[text()='Add to cart']</arg>
<doc>Returns the given values which can then be assigned to a variables.</doc>
<status status="PASS" start="2026-01-12T14:54:10.126645" elapsed="0.003836"/>
</kw>
<kw name="Wait Until Element Is Visible" owner="SeleniumLibrary">
<arg>${add_button}</arg>
<arg>timeout=15</arg>
<doc>Waits until the element ``locator`` is visible.</doc>
<status status="PASS" start="2026-01-12T14:54:10.131419" elapsed="1.037720"/>
</kw>
<kw name="Click Button" owner="SeleniumLibrary">
<msg time="2026-01-12T14:54:11.172387" level="INFO">Clicking button '//div[text()='Sauce Labs Bike Light']/ancestor::div[@class='inventory_item_description']//button[text()='Add to cart']'.</msg>
<arg>${add_button}</arg>
<doc>Clicks the button identified by ``locator``.</doc>
<status status="PASS" start="2026-01-12T14:54:11.170259" elapsed="2.707386"/>
</kw>
<kw name="Log" owner="BuiltIn">
<msg time="2026-01-12T14:54:13.881270" level="INFO">Added Sauce Labs Bike Light to cart</msg>
<arg>Added ${product_name} to cart</arg>
<doc>Logs the given message with the given level.</doc>
<status status="PASS" start="2026-01-12T14:54:13.879162" elapsed="0.003854"/>
</kw>
<kw name="Sleep" owner="BuiltIn">
<msg time="2026-01-12T14:54:14.887338" level="INFO">Slept 1 second.</msg>
<arg>1</arg>
<doc>Pauses the test executed for the given time.</doc>
<status status="PASS" start="2026-01-12T14:54:13.884415" elapsed="1.003297"/>
</kw>
<arg>${product}</arg>
<doc>Adds a specific product to cart</doc>
<status status="PASS" start="2026-01-12T14:54:10.123612" elapsed="4.764318"/>
</kw>
<var name="${product}">Sauce Labs Bike Light</var>
<status status="PASS" start="2026-01-12T14:54:10.122278" elapsed="4.765779"/>
</iter>
<iter>
<kw name="Add Product To Cart" owner="cart_keywords">
<kw name="Set Variable" owner="BuiltIn">
<msg time="2026-01-12T14:54:14.890123" level="INFO">${add_button} = //div[text()='Sauce Labs Bolt T-Shirt']/ancestor::div[@class='inventory_item_description']//button[text()='Add to cart']</msg>
<var>${add_button}</var>
<arg>//div[text()='${product_name}']/ancestor::div[@class='inventory_item_description']//button[text()='Add to cart']</arg>
<doc>Returns the given values which can then be assigned to a variables.</doc>
<status status="PASS" start="2026-01-12T14:54:14.889382" elapsed="0.000942"/>
</kw>
<kw name="Wait Until Element Is Visible" owner="SeleniumLibrary">
<arg>${add_button}</arg>
<arg>timeout=15</arg>
<doc>Waits until the element ``locator`` is visible.</doc>
<status status="PASS" start="2026-01-12T14:54:14.890563" elapsed="1.045380"/>
</kw>
<kw name="Click Button" owner="SeleniumLibrary">
<msg time="2026-01-12T14:54:15.938891" level="INFO">Clicking button '//div[text()='Sauce Labs Bolt T-Shirt']/ancestor::div[@class='inventory_item_description']//button[text()='Add to cart']'.</msg>
<arg>${add_button}</arg>
<doc>Clicks the button identified by ``locator``.</doc>
<status status="PASS" start="2026-01-12T14:54:15.937292" elapsed="2.714010"/>
</kw>
<kw name="Log" owner="BuiltIn">
<msg time="2026-01-12T14:54:18.655085" level="INFO">Added Sauce Labs Bolt T-Shirt to cart</msg>
<arg>Added ${product_name} to cart</arg>
<doc>Logs the given message with the given level.</doc>
<status status="PASS" start="2026-01-12T14:54:18.653060" elapsed="0.003480"/>
</kw>
<kw name="Sleep" owner="BuiltIn">
<msg time="2026-01-12T14:54:19.660057" level="INFO">Slept 1 second.</msg>
<arg>1</arg>
<doc>Pauses the test executed for the given time.</doc>
<status status="PASS" start="2026-01-12T14:54:18.657326" elapsed="1.003294"/>
</kw>
<arg>${product}</arg>
<doc>Adds a specific product to cart</doc>
<status status="PASS" start="2026-01-12T14:54:14.888796" elapsed="4.772175"/>
</kw>
<var name="${product}">Sauce Labs Bolt T-Shirt</var>
<status status="PASS" start="2026-01-12T14:54:14.888282" elapsed="4.772911"/>
</iter>
<var>${product}</var>
<value>@{products}</value>
<status status="PASS" start="2026-01-12T14:54:05.397101" elapsed="14.264265"/>
</for>
<arg>${BACKPACK}</arg>
<arg>${BIKE_LIGHT}</arg>
<arg>${BOLT_T_SHIRT}</arg>
<doc>Adds multiple products to cart</doc>
<status status="PASS" start="2026-01-12T14:54:05.395972" elapsed="14.265631"/>
</kw>
<kw name="Verify Cart Item Count" owner="cart_keywords">
<kw name="Get Cart Items Count" owner="cart_keywords">
<kw name="Get Element Count" owner="SeleniumLibrary">
<msg time="2026-01-12T14:54:20.182222" level="INFO">${count} = 1</msg>
<var>${count}</var>
<arg>${CART_BADGE}</arg>
<doc>Returns the number of elements matching ``locator``.</doc>
<status status="PASS" start="2026-01-12T14:54:19.664769" elapsed="0.518275"/>
</kw>
<if>
<branch type="IF" condition="${count} &gt; 0">
<kw name="Get Text" owner="SeleniumLibrary">
<msg time="2026-01-12T14:54:21.225543" level="INFO">${cart_count} = 3</msg>
<var>${cart_count}</var>
<arg>${CART_BADGE}</arg>
<doc>Returns the text value of the element identified by ``locator``.</doc>
<status status="PASS" start="2026-01-12T14:54:20.186372" elapsed="1.039994"/>
</kw>
<return>
<value>${cart_count}</value>
<status status="PASS" start="2026-01-12T14:54:21.227048" elapsed="0.001154"/>
</return>
<status status="PASS" start="2026-01-12T14:54:20.184136" elapsed="1.044443"/>
</branch>
<branch type="ELSE">
<return>
<value>0</value>
<status status="NOT RUN" start="2026-01-12T14:54:21.229791" elapsed="0.000629"/>
</return>
<status status="NOT RUN" start="2026-01-12T14:54:21.228867" elapsed="0.001990"/>
</branch>
<status status="PASS" start="2026-01-12T14:54:20.183944" elapsed="1.047188"/>
</if>
<msg time="2026-01-12T14:54:21.232073" level="INFO">${actual_count} = 3</msg>
<var>${actual_count}</var>
<doc>Returns the number of items in cart from the cart icon</doc>
<status status="PASS" start="2026-01-12T14:54:19.663830" elapsed="1.569587"/>
</kw>
<kw name="Should Be Equal As Numbers" owner="BuiltIn">
<arg>${actual_count}</arg>
<arg>${expected_count}</arg>
<doc>Fails if objects are unequal after converting them to real numbers.</doc>
<status status="PASS" start="2026-01-12T14:54:21.234594" elapsed="0.002796"/>
</kw>
<arg>3</arg>
<doc>Verifies the cart contains specific number of items</doc>
<status status="PASS" start="2026-01-12T14:54:19.662524" elapsed="1.575579"/>
</kw>
<kw name="Go To Cart" owner="cart_keywords">
<kw name="Wait Until Element Is Visible" owner="SeleniumLibrary">
<arg>${CART_ICON}</arg>
<doc>Waits until the element ``locator`` is visible.</doc>
<status status="PASS" start="2026-01-12T14:54:21.241636" elapsed="1.037748"/>
</kw>
<kw name="Click Element" owner="SeleniumLibrary">
<msg time="2026-01-12T14:54:22.281883" level="INFO">Clicking element 'class=shopping_cart_link'.</msg>
<arg>${CART_ICON}</arg>
<doc>Click the element identified by ``locator``.</doc>
<status status="PASS" start="2026-01-12T14:54:22.280371" elapsed="1.114889"/>
</kw>
<kw name="Wait Until Element Is Visible" owner="SeleniumLibrary">
<arg>css=.cart_list</arg>
<arg>timeout=15</arg>
<doc>Waits until the element ``locator`` is visible.</doc>
<status status="PASS" start="2026-01-12T14:54:23.396296" elapsed="1.043153"/>
</kw>
<kw name="Page Should Contain" owner="SeleniumLibrary">
<msg time="2026-01-12T14:54:25.470979" level="INFO">Current page contains text 'Your Cart'.</msg>
<arg>Your Cart</arg>
<doc>Verifies that current page contains ``text``.</doc>
<status status="PASS" start="2026-01-12T14:54:24.440541" elapsed="1.031493"/>
</kw>
<doc>Navigates to the cart page</doc>
<status status="PASS" start="2026-01-12T14:54:21.239824" elapsed="4.232966"/>
</kw>
<kw name="Verify Product In Cart" owner="cart_keywords">
<kw name="Set Variable" owner="BuiltIn">
<msg time="2026-01-12T14:54:25.480976" level="INFO">${item_locator} = //div[@class='inventory_item_name' and text()='Sauce Labs Backpack']</msg>
<var>${item_locator}</var>
<arg>//div[@class='inventory_item_name' and text()='${product_name}']</arg>
<doc>Returns the given values which can then be assigned to a variables.</doc>
<status status="PASS" start="2026-01-12T14:54:25.477677" elapsed="0.004043"/>
</kw>
<kw name="Wait Until Element Is Visible" owner="SeleniumLibrary">
<arg>${item_locator}</arg>
<arg>timeout=15</arg>
<doc>Waits until the element ``locator`` is visible.</doc>
<status status="PASS" start="2026-01-12T14:54:25.483981" elapsed="1.048573"/>
</kw>
<kw name="Page Should Contain Element" owner="SeleniumLibrary">
<msg time="2026-01-12T14:54:27.064743" level="INFO">Current page contains element '//div[@class='inventory_item_name' and text()='Sauce Labs Backpack']'.</msg>
<arg>${item_locator}</arg>
<doc>Verifies that element ``locator`` is found on the current page.</doc>
<status status="PASS" start="2026-01-12T14:54:26.533930" elapsed="0.531526"/>
</kw>
<arg>${BACKPACK}</arg>
<doc>Verifies a specific product is in the cart</doc>
<status status="PASS" start="2026-01-12T14:54:25.474745" elapsed="1.591232"/>
</kw>
<kw name="Verify Product In Cart" owner="cart_keywords">
<kw name="Set Variable" owner="BuiltIn">
<msg time="2026-01-12T14:54:27.069681" level="INFO">${item_locator} = //div[@class='inventory_item_name' and text()='Sauce Labs Bike Light']</msg>
<var>${item_locator}</var>
<arg>//div[@class='inventory_item_name' and text()='${product_name}']</arg>
<doc>Returns the given values which can then be assigned to a variables.</doc>
<status status="PASS" start="2026-01-12T14:54:27.068466" elapsed="0.001978"/>
</kw>
<kw name="Wait Until Element Is Visible" owner="SeleniumLibrary">
<arg>${item_locator}</arg>
<arg>timeout=15</arg>
<doc>Waits until the element ``locator`` is visible.</doc>
<status status="PASS" start="2026-01-12T14:54:27.070959" elapsed="1.047591"/>
</kw>
<kw name="Page Should Contain Element" owner="SeleniumLibrary">
<msg time="2026-01-12T14:54:28.647507" level="INFO">Current page contains element '//div[@class='inventory_item_name' and text()='Sauce Labs Bike Light']'.</msg>
<arg>${item_locator}</arg>
<doc>Verifies that element ``locator`` is found on the current page.</doc>
<status status="PASS" start="2026-01-12T14:54:28.119499" elapsed="0.530112"/>
</kw>
<arg>${BIKE_LIGHT}</arg>
<doc>Verifies a specific product is in the cart</doc>
<status status="PASS" start="2026-01-12T14:54:27.067137" elapsed="1.583451"/>
</kw>
<kw name="Verify Product In Cart" owner="cart_keywords">
<kw name="Set Variable" owner="BuiltIn">
<msg time="2026-01-12T14:54:28.657701" level="INFO">${item_locator} = //div[@class='inventory_item_name' and text()='Sauce Labs Bolt T-Shirt']</msg>
<var>${item_locator}</var>
<arg>//div[@class='inventory_item_name' and text()='${product_name}']</arg>
<doc>Returns the given values which can then be assigned to a variables.</doc>
<status status="PASS" start="2026-01-12T14:54:28.655320" elapsed="0.003497"/>
</kw>
<kw name="Wait Until Element Is Visible" owner="SeleniumLibrary">
<arg>${item_locator}</arg>
<arg>timeout=15</arg>
<doc>Waits until the element ``locator`` is visible.</doc>
<status status="PASS" start="2026-01-12T14:54:28.659705" elapsed="1.063726"/>
</kw>
<kw name="Page Should Contain Element" owner="SeleniumLibrary">
<msg time="2026-01-12T14:54:30.256359" level="INFO">Current page contains element '//div[@class='inventory_item_name' and text()='Sauce Labs Bolt T-Shirt']'.</msg>
<arg>${item_locator}</arg>
<doc>Verifies that element ``locator`` is found on the current page.</doc>
<status status="PASS" start="2026-01-12T14:54:29.724615" elapsed="0.532956"/>
</kw>
<arg>${BOLT_T_SHIRT}</arg>
<doc>Verifies a specific product is in the cart</doc>
<status status="PASS" start="2026-01-12T14:54:28.652807" elapsed="1.605558"/>
</kw>
<kw name="Run Keyword If Test Failed" owner="BuiltIn" type="TEARDOWN">
<arg>Capture Page Screenshot</arg>
<doc>Runs the given keyword with the given arguments, if the test failed.</doc>
<status status="PASS" start="2026-01-12T14:54:30.260556" elapsed="0.002568"/>
</kw>
<doc>Test adding multiple products to cart</doc>
<tag>regression</tag>
<status status="PASS" start="2026-01-12T14:54:02.489178" elapsed="27.775263"/>
</test>
<test id="s1-s1-t4" name="Test Remove Multiple Products From Cart" line="55">
<kw name="Run Keyword And Ignore Error" owner="BuiltIn" type="SETUP">
<kw name="Ensure Clean Cart" owner="cart_keywords">
<kw name="Log" owner="BuiltIn">
<msg time="2026-01-12T14:54:30.286583" level="INFO">Ensuring clean cart before test...</msg>
<arg>Ensuring clean cart before test...</arg>
<doc>Logs the given message with the given level.</doc>
<status status="PASS" start="2026-01-12T14:54:30.285717" elapsed="0.001301"/>
</kw>
<kw name="Go To" owner="SeleniumLibrary">
<msg time="2026-01-12T14:54:30.288176" level="INFO">Opening url 'https://www.saucedemo.com/inventory.html'</msg>
<arg>${PRODUCTS_URL}</arg>
<doc>Navigates the current browser window to the provided ``url``.</doc>
<status status="PASS" start="2026-01-12T14:54:30.287444" elapsed="1.640833"/>
</kw>
<kw name="Wait Until Element Is Visible" owner="SeleniumLibrary">
<arg>${INVENTORY_CONTAINER}</arg>
<arg>timeout=15</arg>
<doc>Waits until the element ``locator`` is visible.</doc>
<status status="PASS" start="2026-01-12T14:54:31.929302" elapsed="1.069311"/>
</kw>
<kw name="Clear Cart Completely" owner="cart_keywords">
<kw name="Get Cart Items Count" owner="cart_keywords">
<kw name="Get Element Count" owner="SeleniumLibrary">
<msg time="2026-01-12T14:54:33.527936" level="INFO">${count} = 1</msg>
<var>${count}</var>
<arg>${CART_BADGE}</arg>
<doc>Returns the number of elements matching ``locator``.</doc>
<status status="PASS" start="2026-01-12T14:54:33.004299" elapsed="0.524496"/>
</kw>
<if>
<branch type="IF" condition="${count} &gt; 0">
<kw name="Get Text" owner="SeleniumLibrary">
<msg time="2026-01-12T14:54:34.600336" level="INFO">${cart_count} = 3</msg>
<var>${cart_count}</var>
<arg>${CART_BADGE}</arg>
<doc>Returns the text value of the element identified by ``locator``.</doc>
<status status="PASS" start="2026-01-12T14:54:33.532173" elapsed="1.069010"/>
</kw>
<return>
<value>${cart_count}</value>
<status status="PASS" start="2026-01-12T14:54:34.601879" elapsed="0.001139"/>
</return>
<status status="PASS" start="2026-01-12T14:54:33.529701" elapsed="1.073703"/>
</branch>
<branch type="ELSE">
<return>
<value>0</value>
<status status="NOT RUN" start="2026-01-12T14:54:34.604736" elapsed="0.000491"/>
</return>
<status status="NOT RUN" start="2026-01-12T14:54:34.603692" elapsed="0.002033"/>
</branch>
<status status="PASS" start="2026-01-12T14:54:33.529523" elapsed="1.076470"/>
</if>
<msg time="2026-01-12T14:54:34.606805" level="INFO">${cart_count} = 3</msg>
<var>${cart_count}</var>
<doc>Returns the number of items in cart from the cart icon</doc>
<status status="PASS" start="2026-01-12T14:54:33.002747" elapsed="1.604738"/>
</kw>
<kw name="Log" owner="BuiltIn">
<msg time="2026-01-12T14:54:34.610255" level="INFO">Current cart count before clearing: 3</msg>
<arg>Current cart count before clearing: ${cart_count}</arg>
<doc>Logs the given message with the given level.</doc>
<status status="PASS" start="2026-01-12T14:54:34.608288" elapsed="0.003092"/>
</kw>
<if>
<branch type="IF" condition="${cart_count} &gt; 0">
<kw name="Click Element" owner="SeleniumLibrary">
<msg time="2026-01-12T14:54:34.615413" level="INFO">Clicking element 'class=shopping_cart_link'.</msg>
<arg>${CART_ICON}</arg>
<doc>Click the element identified by ``locator``.</doc>
<status status="PASS" start="2026-01-12T14:54:34.613876" elapsed="1.071441"/>
</kw>
<kw name="Wait Until Element Is Visible" owner="SeleniumLibrary">
<arg>css=.cart_list</arg>
<arg>timeout=15</arg>
<doc>Waits until the element ``locator`` is visible.</doc>
<status status="PASS" start="2026-01-12T14:54:35.686345" elapsed="1.060171"/>
</kw>
<kw name="Set Variable" owner="BuiltIn">
<msg time="2026-01-12T14:54:36.747429" level="INFO">${max_attempts} = 10</msg>
<var>${max_attempts}</var>
<arg>10</arg>
<doc>Returns the given values which can then be assigned to a variables.</doc>
<status status="PASS" start="2026-01-12T14:54:36.746874" elapsed="0.000773"/>
</kw>
<for flavor="IN RANGE">
<iter>
<kw name="Get WebElements" owner="SeleniumLibrary">
<msg time="2026-01-12T14:54:37.258576" level="INFO">${remove_buttons} = [&lt;selenium.webdriver.remote.webelement.WebElement (session="e7c3a61fb2b581194e41c2c6a454551f", element="f.A0BE80CABF349411C48FE6447988DDD1.d.F5263115F2A34BDE7CD929731BEC4FA8.e.143")&gt;, &lt;selenium.webdri...</msg>
<var>${remove_buttons}</var>
<arg>xpath=//button[text()='Remove']</arg>
<doc>Returns a list of WebElement objects matching the ``locator``.</doc>
<status status="PASS" start="2026-01-12T14:54:36.748418" elapsed="0.510453"/>
</kw>
<kw name="Get Length" owner="BuiltIn">
<msg time="2026-01-12T14:54:37.259989" level="INFO">Length is 3.</msg>
<msg time="2026-01-12T14:54:37.260296" level="INFO">${button_count} = 3</msg>
<var>${button_count}</var>
[...]
<status status="PASS" start="2026-01-12T14:57:21.754162" elapsed="1.555009"/>
</iter>
<iter>
<kw name="Click Button" owner="SeleniumLibrary">
<msg time="2026-01-12T14:57:23.312579" level="INFO">Clicking button '&lt;selenium.webdriver.remote.webelement.WebElement (session="e7c3a61fb2b581194e41c2c6a454551f", element="f.A0BE80CABF349411C48FE6447988DDD1.d.B1ED82B38F67529B3AEB7DD531E4440A.e.348")&gt;'.</msg>
<arg>${button}</arg>
<doc>Clicks the button identified by ``locator``.</doc>
<status status="PASS" start="2026-01-12T14:57:23.310773" elapsed="0.623451"/>
</kw>
<kw name="Sleep" owner="BuiltIn">
<msg time="2026-01-12T14:57:24.937940" level="INFO">Slept 1 second.</msg>
<arg>1</arg>
<doc>Pauses the test executed for the given time.</doc>
<status status="PASS" start="2026-01-12T14:57:23.935262" elapsed="1.003731"/>
</kw>
<var name="${button}">&lt;selenium.webdriver.remote.webelement.WebElement (session="e7c3a61fb2b581194e41c2c6a454551f", element="f.A0BE80CABF349411C48FE6447988DDD1.d.B1ED82B38F67529B3AEB7DD531E4440A.e.348")&gt;</var>
<status status="PASS" start="2026-01-12T14:57:23.309860" elapsed="1.629764"/>
</iter>
<var>${button}</var>
<value>@{remove_buttons}</value>
<status status="PASS" start="2026-01-12T14:57:20.191834" elapsed="4.748174"/>
</for>
<kw name="Get Cart Items Count" owner="cart_keywords">
<kw name="Get Element Count" owner="SeleniumLibrary">
<msg time="2026-01-12T14:57:25.468462" level="INFO">${count} = 0</msg>
<var>${count}</var>
<arg>${CART_BADGE}</arg>
<doc>Returns the number of elements matching ``locator``.</doc>
<status status="PASS" start="2026-01-12T14:57:24.942924" elapsed="0.525934"/>
</kw>
<if>
<branch type="IF" condition="${count} &gt; 0">
<kw name="Get Text" owner="SeleniumLibrary">
<var>${cart_count}</var>
<arg>${CART_BADGE}</arg>
<doc>Returns the text value of the element identified by ``locator``.</doc>
<status status="NOT RUN" start="2026-01-12T14:57:25.470177" elapsed="0.000527"/>
</kw>
<return>
<value>${cart_count}</value>
<status status="NOT RUN" start="2026-01-12T14:57:25.471037" elapsed="0.000270"/>
</return>
<status status="NOT RUN" start="2026-01-12T14:57:25.469252" elapsed="0.002233"/>
</branch>
<branch type="ELSE">
<return>
<value>0</value>
<status status="PASS" start="2026-01-12T14:57:25.471919" elapsed="0.000260"/>
</return>
<status status="PASS" start="2026-01-12T14:57:25.471618" elapsed="0.000708"/>
</branch>
<status status="PASS" start="2026-01-12T14:57:25.469190" elapsed="0.003253"/>
</if>
<msg time="2026-01-12T14:57:25.472703" level="INFO">${current_count} = 0</msg>
<var>${current_count}</var>
<doc>Returns the number of items in cart from the cart icon</doc>
<status status="PASS" start="2026-01-12T14:57:24.941169" elapsed="0.531861"/>
</kw>
<kw name="Exit For Loop If" owner="BuiltIn">
<msg time="2026-01-12T14:57:25.474462" level="INFO">Exiting for loop altogether.</msg>
<arg>${current_count} == 0</arg>
<doc>Stops executing the enclosing FOR loop if the ``condition`` is true.</doc>
<status status="PASS" start="2026-01-12T14:57:25.473444" elapsed="0.001379"/>
</kw>
<kw name="Sleep" owner="BuiltIn">
<arg>1</arg>
<doc>Pauses the test executed for the given time.</doc>
<status status="NOT RUN" start="2026-01-12T14:57:25.475193" elapsed="0.000555"/>
</kw>
<var name="${attempt}">0</var>
<status status="PASS" start="2026-01-12T14:57:19.670791" elapsed="5.805197"/>
</iter>
<var>${attempt}</var>
<value>${max_attempts}</value>
<status status="PASS" start="2026-01-12T14:57:19.670140" elapsed="5.806008"/>
</for>
<kw name="Click Button" owner="SeleniumLibrary">
<msg time="2026-01-12T14:57:25.477206" level="INFO">Clicking button 'id=continue-shopping'.</msg>
<arg>${CONTINUE_SHOPPING}</arg>
<doc>Clicks the button identified by ``locator``.</doc>
<status status="PASS" start="2026-01-12T14:57:25.476414" elapsed="2.711244"/>
</kw>
<kw name="Wait Until Element Is Visible" owner="SeleniumLibrary">
<arg>${INVENTORY_CONTAINER}</arg>
<arg>timeout=15</arg>
<doc>Waits until the element ``locator`` is visible.</doc>
<status status="PASS" start="2026-01-12T14:57:28.188561" elapsed="1.030708"/>
</kw>
<kw name="Get Cart Items Count" owner="cart_keywords">
<kw name="Get Element Count" owner="SeleniumLibrary">
<msg time="2026-01-12T14:57:29.726554" level="INFO">${count} = 0</msg>
<var>${count}</var>
<arg>${CART_BADGE}</arg>
<doc>Returns the number of elements matching ``locator``.</doc>
<status status="PASS" start="2026-01-12T14:57:29.220071" elapsed="0.507667"/>
</kw>
<if>
<branch type="IF" condition="${count} &gt; 0">
<kw name="Get Text" owner="SeleniumLibrary">
<var>${cart_count}</var>
<arg>${CART_BADGE}</arg>
<doc>Returns the text value of the element identified by ``locator``.</doc>
<status status="NOT RUN" start="2026-01-12T14:57:29.729851" elapsed="0.000675"/>
</kw>
<return>
<value>${cart_count}</value>
<status status="NOT RUN" start="2026-01-12T14:57:29.730991" elapsed="0.000426"/>
</return>
<status status="NOT RUN" start="2026-01-12T14:57:29.728580" elapsed="0.003106"/>
</branch>
<branch type="ELSE">
<return>
<value>0</value>
<status status="PASS" start="2026-01-12T14:57:29.732452" elapsed="0.000406"/>
</return>
<status status="PASS" start="2026-01-12T14:57:29.731962" elapsed="0.001136"/>
</branch>
<status status="PASS" start="2026-01-12T14:57:29.728461" elapsed="0.004693"/>
</if>
<msg time="2026-01-12T14:57:29.733301" level="INFO">${final_count} = 0</msg>
<var>${final_count}</var>
<doc>Returns the number of items in cart from the cart icon</doc>
<status status="PASS" start="2026-01-12T14:57:29.219660" elapsed="0.513919"/>
</kw>
<kw name="Should Be Equal As Numbers" owner="BuiltIn">
<arg>${final_count}</arg>
<arg>0</arg>
<doc>Fails if objects are unequal after converting them to real numbers.</doc>
<status status="PASS" start="2026-01-12T14:57:29.733785" elapsed="0.000544"/>
</kw>
<status status="PASS" start="2026-01-12T14:57:17.435315" elapsed="12.299138"/>
</branch>
<branch type="ELSE">
<kw name="Log" owner="BuiltIn">
<arg>Cart is already empty</arg>
<doc>Logs the given message with the given level.</doc>
<status status="NOT RUN" start="2026-01-12T14:57:29.734737" elapsed="0.000135"/>
</kw>
<status status="NOT RUN" start="2026-01-12T14:57:29.734523" elapsed="0.000444"/>
</branch>
<status status="PASS" start="2026-01-12T14:57:17.435188" elapsed="12.299837"/>
</if>
<doc>Completely clears the cart with robust error handling</doc>
<status status="PASS" start="2026-01-12T14:57:15.818406" elapsed="13.916706"/>
</kw>
<kw name="Get Cart Items Count" owner="cart_keywords">
<kw name="Get Element Count" owner="SeleniumLibrary">
<msg time="2026-01-12T14:57:30.242957" level="INFO">${count} = 0</msg>
<var>${count}</var>
<arg>${CART_BADGE}</arg>
<doc>Returns the number of elements matching ``locator``.</doc>
<status status="PASS" start="2026-01-12T14:57:29.735739" elapsed="0.508007"/>
</kw>
<if>
<branch type="IF" condition="${count} &gt; 0">
<kw name="Get Text" owner="SeleniumLibrary">
<var>${cart_count}</var>
<arg>${CART_BADGE}</arg>
<doc>Returns the text value of the element identified by ``locator``.</doc>
<status status="NOT RUN" start="2026-01-12T14:57:30.246065" elapsed="0.000673"/>
</kw>
<return>
<value>${cart_count}</value>
<status status="NOT RUN" start="2026-01-12T14:57:30.247741" elapsed="0.000492"/>
</return>
<status status="NOT RUN" start="2026-01-12T14:57:30.244543" elapsed="0.004023"/>
</branch>
<branch type="ELSE">
<return>
<value>0</value>
<status status="PASS" start="2026-01-12T14:57:30.249340" elapsed="0.000400"/>
</return>
<status status="PASS" start="2026-01-12T14:57:30.248826" elapsed="0.001189"/>
</branch>
<status status="PASS" start="2026-01-12T14:57:30.244407" elapsed="0.005832"/>
</if>
<msg time="2026-01-12T14:57:30.250768" level="INFO">${cart_count} = 0</msg>
<var>${cart_count}</var>
<doc>Returns the number of items in cart from the cart icon</doc>
<status status="PASS" start="2026-01-12T14:57:29.735395" elapsed="0.515975"/>
</kw>
<if>
<branch type="IF" condition="${cart_count} != 0">
<kw name="Log" owner="BuiltIn">
<arg>Warning: Cart count is ${cart_count}, attempting additional cleanup</arg>
<doc>Logs the given message with the given level.</doc>
<status status="NOT RUN" start="2026-01-12T14:57:30.253454" elapsed="0.000801"/>
</kw>
<kw name="Clear Cart Completely" owner="cart_keywords">
<doc>Completely clears the cart with robust error handling</doc>
<status status="NOT RUN" start="2026-01-12T14:57:30.255959" elapsed="0.000622"/>
</kw>
<kw name="Get Cart Items Count" owner="cart_keywords">
<var>${final_count}</var>
<doc>Returns the number of items in cart from the cart icon</doc>
<status status="NOT RUN" start="2026-01-12T14:57:30.257632" elapsed="0.000560"/>
</kw>
<if>
<branch type="IF" condition="${final_count} != 0">
<kw name="Log" owner="BuiltIn">
<arg>Cart still not empty after second attempt. Count: ${final_count}</arg>
<doc>Logs the given message with the given level.</doc>
<status status="NOT RUN" start="2026-01-12T14:57:30.259543" elapsed="0.000515"/>
</kw>
<status status="NOT RUN" start="2026-01-12T14:57:30.258758" elapsed="0.001689"/>
</branch>
<status status="NOT RUN" start="2026-01-12T14:57:30.258662" elapsed="0.002052"/>
</if>
<status status="NOT RUN" start="2026-01-12T14:57:30.251976" elapsed="0.008898"/>
</branch>
<status status="PASS" start="2026-01-12T14:57:30.251886" elapsed="0.009283"/>
</if>
<kw name="Log" owner="BuiltIn">
<msg time="2026-01-12T14:57:30.263154" level="INFO">Cart cleanup completed</msg>
<arg>Cart cleanup completed</arg>
<doc>Logs the given message with the given level.</doc>
<status status="PASS" start="2026-01-12T14:57:30.261564" elapsed="0.002692"/>
</kw>
<doc>Ensures cart is completely clean before test</doc>
<status status="PASS" start="2026-01-12T14:57:13.879142" elapsed="16.385669"/>
</kw>
<arg>Ensure Clean Cart</arg>
<doc>Runs the given keyword with the given arguments and ignores possible error.</doc>
<status status="PASS" start="2026-01-12T14:57:13.878418" elapsed="16.386928"/>
</kw>
<kw name="Is Cart Empty" owner="cart_keywords">
<kw name="Get Cart Items Count" owner="cart_keywords">
<kw name="Get Element Count" owner="SeleniumLibrary">
<msg time="2026-01-12T14:57:30.787321" level="INFO">${count} = 0</msg>
<var>${count}</var>
<arg>${CART_BADGE}</arg>
<doc>Returns the number of elements matching ``locator``.</doc>
<status status="PASS" start="2026-01-12T14:57:30.269181" elapsed="0.518904"/>
</kw>
<if>
<branch type="IF" condition="${count} &gt; 0">
<kw name="Get Text" owner="SeleniumLibrary">
<var>${cart_count}</var>
<arg>${CART_BADGE}</arg>
<doc>Returns the text value of the element identified by ``locator``.</doc>
<status status="NOT RUN" start="2026-01-12T14:57:30.790414" elapsed="0.000863"/>
</kw>
<return>
<value>${cart_count}</value>
<status status="NOT RUN" start="2026-01-12T14:57:30.791814" elapsed="0.000483"/>
</return>
<status status="NOT RUN" start="2026-01-12T14:57:30.788851" elapsed="0.003759"/>
</branch>
<branch type="ELSE">
<return>
<value>0</value>
<status status="PASS" start="2026-01-12T14:57:30.793352" elapsed="0.000388"/>
</return>
<status status="PASS" start="2026-01-12T14:57:30.792859" elapsed="0.001199"/>
</branch>
<status status="PASS" start="2026-01-12T14:57:30.788737" elapsed="0.005563"/>
</if>
<msg time="2026-01-12T14:57:30.794820" level="INFO">${cart_count} = 0</msg>
<var>${cart_count}</var>
<doc>Returns the number of items in cart from the cart icon</doc>
<status status="PASS" start="2026-01-12T14:57:30.268229" elapsed="0.527173"/>
</kw>
<kw name="Evaluate" owner="BuiltIn">
<msg time="2026-01-12T14:57:30.798769" level="INFO">${is_empty} = True</msg>
<var>${is_empty}</var>
<arg>int(${cart_count}) == 0</arg>
<doc>Evaluates the given expression in Python and returns the result.</doc>
<status status="PASS" start="2026-01-12T14:57:30.796156" elapsed="0.003149"/>
</kw>
<return>
<value>${is_empty}</value>
<status status="PASS" start="2026-01-12T14:57:30.799806" elapsed="0.000530"/>
</return>
<msg time="2026-01-12T14:57:30.801051" level="INFO">${is_empty} = True</msg>
<var>${is_empty}</var>
<doc>Checks if cart is empty</doc>
<status status="PASS" start="2026-01-12T14:57:30.266786" elapsed="0.534996"/>
</kw>
<kw name="Should Be True" owner="BuiltIn">
<arg>${is_empty}</arg>
<doc>Fails if the given condition is not true.</doc>
<status status="PASS" start="2026-01-12T14:57:30.803150" elapsed="0.002340"/>
</kw>
<kw name="Go To Cart" owner="cart_keywords">
<kw name="Wait Until Element Is Visible" owner="SeleniumLibrary">
<arg>${CART_ICON}</arg>
<doc>Waits until the element ``locator`` is visible.</doc>
<status status="PASS" start="2026-01-12T14:57:30.808215" elapsed="1.015385"/>
</kw>
<kw name="Click Element" owner="SeleniumLibrary">
<msg time="2026-01-12T14:57:31.825848" level="INFO">Clicking element 'class=shopping_cart_link'.</msg>
<arg>${CART_ICON}</arg>
<doc>Click the element identified by ``locator``.</doc>
<status status="PASS" start="2026-01-12T14:57:31.824513" elapsed="1.145769"/>
</kw>
<kw name="Wait Until Element Is Visible" owner="SeleniumLibrary">
<arg>css=.cart_list</arg>
<arg>timeout=15</arg>
<doc>Waits until the element ``locator`` is visible.</doc>
<status status="PASS" start="2026-01-12T14:57:32.971266" elapsed="1.055657"/>
</kw>
<kw name="Page Should Contain" owner="SeleniumLibrary">
<msg time="2026-01-12T14:57:35.073930" level="INFO">Current page contains text 'Your Cart'.</msg>
<arg>Your Cart</arg>
<doc>Verifies that current page contains ``text``.</doc>
<status status="PASS" start="2026-01-12T14:57:34.027951" elapsed="1.047030"/>
</kw>
<doc>Navigates to the cart page</doc>
<status status="PASS" start="2026-01-12T14:57:30.806831" elapsed="4.268915"/>
</kw>
<kw name="Page Should Contain" owner="SeleniumLibrary">
<msg time="2026-01-12T14:57:36.119614" level="INFO">Current page contains text 'Your Cart'.</msg>
<arg>Your Cart</arg>
<doc>Verifies that current page contains ``text``.</doc>
<status status="PASS" start="2026-01-12T14:57:35.077525" elapsed="1.043164"/>
</kw>
<kw name="Get All Cart Items" owner="cart_keywords">
<kw name="Create List" owner="BuiltIn">
<msg time="2026-01-12T14:57:36.127173" level="INFO">${items} = []</msg>
<var>${items}</var>
<doc>Returns a list containing given items.</doc>
<status status="PASS" start="2026-01-12T14:57:36.125227" elapsed="0.003096"/>
</kw>
<kw name="Get WebElements" owner="SeleniumLibrary">
<msg time="2026-01-12T14:57:36.669658" level="INFO">${elements} = []</msg>
<var>${elements}</var>
<arg>class=inventory_item_name</arg>
<doc>Returns a list of WebElement objects matching the ``locator``.</doc>
<status status="PASS" start="2026-01-12T14:57:36.129214" elapsed="0.541187"/>
</kw>
<for flavor="IN">
<iter>
<kw name="Get Text" owner="SeleniumLibrary">
<var>${item_name}</var>
<arg>${element}</arg>
<doc>Returns the text value of the element identified by ``locator``.</doc>
<status status="NOT RUN" start="2026-01-12T14:57:36.673440" elapsed="0.000809"/>
</kw>
<kw name="Append To List" owner="Collections">
<arg>${items}</arg>
<arg>${item_name}</arg>
<doc>Adds ``values`` to the end of ``list``.</doc>
<status status="NOT RUN" start="2026-01-12T14:57:36.675022" elapsed="0.001032"/>
</kw>
<var name="${element}"/>
<status status="NOT RUN" start="2026-01-12T14:57:36.672152" elapsed="0.004798"/>
</iter>
<var>${element}</var>
<value>@{elements}</value>
<status status="NOT RUN" start="2026-01-12T14:57:36.671073" elapsed="0.006283"/>
</for>
<return>
<value>${items}</value>
<status status="PASS" start="2026-01-12T14:57:36.677748" elapsed="0.000485"/>
</return>
<msg time="2026-01-12T14:57:36.679049" level="INFO">${items} = []</msg>
<var>${items}</var>
<doc>Returns a list of all product names in the cart</doc>
<status status="PASS" start="2026-01-12T14:57:36.123067" elapsed="0.556720"/>
</kw>
<kw name="Should Be Empty" owner="BuiltIn">
<msg time="2026-01-12T14:57:36.683771" level="INFO">Length is 0.</msg>
<arg>${items}</arg>
<doc>Verifies that the given item is empty.</doc>
<status status="PASS" start="2026-01-12T14:57:36.681397" elapsed="0.003062"/>
</kw>
<kw name="Page Should Contain Element" owner="SeleniumLibrary">
<msg time="2026-01-12T14:57:37.202114" level="INFO">Current page contains element 'class=cart_list'.</msg>
<arg>class=cart_list</arg>
<doc>Verifies that element ``locator`` is found on the current page.</doc>
<status status="PASS" start="2026-01-12T14:57:36.685499" elapsed="0.517004"/>
</kw>
<kw name="Get Element Count" owner="SeleniumLibrary">
<msg time="2026-01-12T14:57:37.717596" level="INFO">${item_count} = 0</msg>
<var>${item_count}</var>
<arg>class=cart_item</arg>
<doc>Returns the number of elements matching ``locator``.</doc>
<status status="PASS" start="2026-01-12T14:57:37.203139" elapsed="0.515254"/>
</kw>
<kw name="Should Be Equal As Numbers" owner="BuiltIn">
<msg time="2026-01-12T14:57:37.722836" level="INFO">Argument types are:
&lt;class 'int'&gt;
&lt;class 'str'&gt;</msg>
<arg>${item_count}</arg>
<arg>0</arg>
<doc>Fails if objects are unequal after converting them to real numbers.</doc>
<status status="PASS" start="2026-01-12T14:57:37.720858" elapsed="0.002786"/>
</kw>
<kw name="Page Should Contain Button" owner="SeleniumLibrary">
<msg time="2026-01-12T14:57:40.329425" level="INFO">Current page contains button 'id=checkout'.</msg>
<arg>${CHECKOUT_BUTTON}</arg>
<doc>Verifies button ``locator`` is found from current page.</doc>
<status status="PASS" start="2026-01-12T14:57:37.724460" elapsed="2.605921"/>
</kw>
<kw name="Back To Products" owner="cart_keywords">
<kw name="Click Button" owner="SeleniumLibrary">
<msg time="2026-01-12T14:57:40.335760" level="INFO">Clicking button 'id=continue-shopping'.</msg>
<arg>${CONTINUE_SHOPPING}</arg>
<doc>Clicks the button identified by ``locator``.</doc>
<status status="PASS" start="2026-01-12T14:57:40.334213" elapsed="2.730154"/>
</kw>
<kw name="Wait Until Element Is Visible" owner="SeleniumLibrary">
<arg>${INVENTORY_CONTAINER}</arg>
<arg>timeout=15</arg>
<doc>Waits until the element ``locator`` is visible.</doc>
<status status="PASS" start="2026-01-12T14:57:43.065335" elapsed="1.058634"/>
</kw>
<kw name="Page Should Contain" owner="SeleniumLibrary">
<msg time="2026-01-12T14:57:45.165792" level="INFO">Current page contains text 'Products'.</msg>
<arg>Products</arg>
<doc>Verifies that current page contains ``text``.</doc>
<status status="PASS" start="2026-01-12T14:57:44.124938" elapsed="1.041918"/>
</kw>
<doc>Navigates back to products page</doc>
<status status="PASS" start="2026-01-12T14:57:40.332376" elapsed="4.835235"/>
</kw>
<kw name="Wait Until Element Is Visible" owner="SeleniumLibrary">
<arg>${INVENTORY_CONTAINER}</arg>
<doc>Waits until the element ``locator`` is visible.</doc>
<status status="PASS" start="2026-01-12T14:57:45.169221" elapsed="1.060452"/>
</kw>
<kw name="Run Keyword If Test Failed" owner="BuiltIn" type="TEARDOWN">
<arg>Capture Page Screenshot</arg>
<doc>Runs the given keyword with the given arguments, if the test failed.</doc>
<status status="PASS" start="2026-01-12T14:57:46.231458" elapsed="0.001616"/>
</kw>
<doc>Test that empty cart shows correct state</doc>
<tag>smoke</tag>
<status status="PASS" start="2026-01-12T14:57:13.873329" elapsed="32.360628"/>
</test>
<kw name="Close All Browsers" owner="SeleniumLibrary" type="TEARDOWN">
<doc>Closes all open browsers and resets the browser cache.</doc>
<status status="PASS" start="2026-01-12T14:57:46.249486" elapsed="2.691634"/>
</kw>
<status status="PASS" start="2026-01-12T14:53:02.664327" elapsed="286.277514"/>
</suite>
<status status="PASS" start="2026-01-12T14:53:02.620177" elapsed="286.328880"/>
</suite>
<statistics>
<total>
<stat pass="7" fail="0" skip="0">All Tests</stat>
</total>
<tag>
<stat pass="3" fail="0" skip="0">regression</stat>
<stat pass="4" fail="0" skip="0">smoke</stat>
</tag>
<suite>
<stat name="Robotframework" id="s1" pass="7" fail="0" skip="0">Robotframework</stat>
<stat name="Cart Test" id="s1-s1" pass="7" fail="0" skip="0">Robotframework.Cart Test</stat>
</suite>
</statistics>
<errors>
</errors>
</robot>
